{"/home/rudraksh/Code/Class/SE/SE_Proj1/proj2/Ecobites/server/src/app.js": {"path":"/home/rudraksh/Code/Class/SE/SE_Proj1/proj2/Ecobites/server/src/app.js","statementMap":{"0":{"start":{"line":14,"column":12},"end":{"line":14,"column":21}},"1":{"start":{"line":17,"column":23},"end":{"line":20,"column":2}},"2":{"start":{"line":21,"column":23},"end":{"line":21,"column":53}},"3":{"start":{"line":23,"column":0},"end":{"line":35,"column":4}},"4":{"start":{"line":25,"column":4},"end":{"line":31,"column":5}},"5":{"start":{"line":30,"column":6},"end":{"line":30,"column":34}},"6":{"start":{"line":32,"column":4},"end":{"line":32,"column":54}},"7":{"start":{"line":36,"column":0},"end":{"line":36,"column":24}},"8":{"start":{"line":37,"column":0},"end":{"line":37,"column":24}},"9":{"start":{"line":38,"column":0},"end":{"line":38,"column":24}},"10":{"start":{"line":39,"column":0},"end":{"line":39,"column":27}},"11":{"start":{"line":40,"column":0},"end":{"line":40,"column":33}},"12":{"start":{"line":41,"column":0},"end":{"line":41,"column":31}},"13":{"start":{"line":42,"column":0},"end":{"line":42,"column":46}},"14":{"start":{"line":43,"column":0},"end":{"line":43,"column":38}},"15":{"start":{"line":45,"column":0},"end":{"line":45,"column":39}},"16":{"start":{"line":46,"column":0},"end":{"line":46,"column":32}},"17":{"start":{"line":51,"column":0},"end":{"line":63,"column":3}},"18":{"start":{"line":52,"column":1},"end":{"line":62,"column":4}}},"fnMap":{"0":{"name":"(anonymous_0)","decl":{"start":{"line":24,"column":2},"end":{"line":24,"column":3}},"loc":{"start":{"line":24,"column":27},"end":{"line":33,"column":3}},"line":24},"1":{"name":"(anonymous_1)","decl":{"start":{"line":51,"column":13},"end":{"line":51,"column":14}},"loc":{"start":{"line":51,"column":27},"end":{"line":63,"column":1}},"line":51}},"branchMap":{"0":{"loc":{"start":{"line":18,"column":2},"end":{"line":18,"column":51}},"type":"binary-expr","locations":[{"start":{"line":18,"column":2},"end":{"line":18,"column":24}},{"start":{"line":18,"column":28},"end":{"line":18,"column":51}}],"line":18},"1":{"loc":{"start":{"line":25,"column":4},"end":{"line":31,"column":5}},"type":"if","locations":[{"start":{"line":25,"column":4},"end":{"line":31,"column":5}},{"start":{},"end":{}}],"line":25},"2":{"loc":{"start":{"line":26,"column":6},"end":{"line":28,"column":33}},"type":"binary-expr","locations":[{"start":{"line":26,"column":6},"end":{"line":26,"column":13}},{"start":{"line":27,"column":6},"end":{"line":27,"column":32}},{"start":{"line":28,"column":6},"end":{"line":28,"column":33}}],"line":26}},"s":{"0":5,"1":5,"2":5,"3":5,"4":65,"5":65,"6":0,"7":5,"8":5,"9":5,"10":5,"11":5,"12":5,"13":5,"14":5,"15":5,"16":5,"17":5,"18":0},"f":{"0":65,"1":0},"b":{"0":[5,5],"1":[65,0],"2":[65,0,0]},"inputSourceMap":null,"_coverageSchema":"1a1c01bbd47fc00a2c39e90264f33305004495a9","hash":"20b6a41868b2a8789420fc3ea3bbd87f54a6b2ed"}
,"/home/rudraksh/Code/Class/SE/SE_Proj1/proj2/Ecobites/server/src/setupTests.js": {"path":"/home/rudraksh/Code/Class/SE/SE_Proj1/proj2/Ecobites/server/src/setupTests.js","statementMap":{"0":{"start":{"line":8,"column":25},"end":{"line":12,"column":1}},"1":{"start":{"line":9,"column":2},"end":{"line":9,"column":49}},"2":{"start":{"line":10,"column":14},"end":{"line":10,"column":34}},"3":{"start":{"line":11,"column":2},"end":{"line":11,"column":30}},"4":{"start":{"line":14,"column":23},"end":{"line":18,"column":1}},"5":{"start":{"line":15,"column":2},"end":{"line":15,"column":43}},"6":{"start":{"line":16,"column":2},"end":{"line":16,"column":36}},"7":{"start":{"line":17,"column":2},"end":{"line":17,"column":27}},"8":{"start":{"line":20,"column":23},"end":{"line":25,"column":1}},"9":{"start":{"line":21,"column":22},"end":{"line":21,"column":53}},"10":{"start":{"line":22,"column":2},"end":{"line":24,"column":3}},"11":{"start":{"line":23,"column":4},"end":{"line":23,"column":40}}},"fnMap":{"0":{"name":"(anonymous_0)","decl":{"start":{"line":8,"column":25},"end":{"line":8,"column":26}},"loc":{"start":{"line":8,"column":37},"end":{"line":12,"column":1}},"line":8},"1":{"name":"(anonymous_1)","decl":{"start":{"line":14,"column":23},"end":{"line":14,"column":24}},"loc":{"start":{"line":14,"column":35},"end":{"line":18,"column":1}},"line":14},"2":{"name":"(anonymous_2)","decl":{"start":{"line":20,"column":23},"end":{"line":20,"column":24}},"loc":{"start":{"line":20,"column":35},"end":{"line":25,"column":1}},"line":20}},"branchMap":{},"s":{"0":5,"1":5,"2":5,"3":5,"4":5,"5":5,"6":5,"7":5,"8":5,"9":9,"10":9,"11":45},"f":{"0":5,"1":5,"2":9},"b":{},"inputSourceMap":null,"_coverageSchema":"1a1c01bbd47fc00a2c39e90264f33305004495a9","hash":"a52a9caff79b3cce49c1c9f85174f50ddd736697"}
,"/home/rudraksh/Code/Class/SE/SE_Proj1/proj2/Ecobites/server/src/config/constants.js": {"path":"/home/rudraksh/Code/Class/SE/SE_Proj1/proj2/Ecobites/server/src/config/constants.js","statementMap":{"0":{"start":{"line":2,"column":28},"end":{"line":13,"column":1}},"1":{"start":{"line":16,"column":26},"end":{"line":21,"column":1}},"2":{"start":{"line":24,"column":33},"end":{"line":29,"column":1}},"3":{"start":{"line":32,"column":27},"end":{"line":37,"column":1}},"4":{"start":{"line":40,"column":29},"end":{"line":49,"column":1}},"5":{"start":{"line":52,"column":33},"end":{"line":58,"column":1}},"6":{"start":{"line":61,"column":40},"end":{"line":68,"column":1}},"7":{"start":{"line":62,"column":2},"end":{"line":62,"column":53}},"8":{"start":{"line":62,"column":20},"end":{"line":62,"column":53}},"9":{"start":{"line":63,"column":13},"end":{"line":63,"column":38}},"10":{"start":{"line":64,"column":2},"end":{"line":64,"column":80}},"11":{"start":{"line":64,"column":52},"end":{"line":64,"column":80}},"12":{"start":{"line":65,"column":2},"end":{"line":65,"column":83}},"13":{"start":{"line":65,"column":53},"end":{"line":65,"column":83}},"14":{"start":{"line":66,"column":2},"end":{"line":66,"column":85}},"15":{"start":{"line":66,"column":52},"end":{"line":66,"column":85}},"16":{"start":{"line":67,"column":2},"end":{"line":67,"column":35}},"17":{"start":{"line":71,"column":34},"end":{"line":74,"column":1}},"18":{"start":{"line":72,"column":2},"end":{"line":72,"column":75}},"19":{"start":{"line":72,"column":28},"end":{"line":72,"column":75}},"20":{"start":{"line":73,"column":2},"end":{"line":73,"column":85}}},"fnMap":{"0":{"name":"(anonymous_0)","decl":{"start":{"line":61,"column":40},"end":{"line":61,"column":41}},"loc":{"start":{"line":61,"column":57},"end":{"line":68,"column":1}},"line":61},"1":{"name":"(anonymous_1)","decl":{"start":{"line":71,"column":34},"end":{"line":71,"column":35}},"loc":{"start":{"line":71,"column":59},"end":{"line":74,"column":1}},"line":71}},"branchMap":{"0":{"loc":{"start":{"line":62,"column":2},"end":{"line":62,"column":53}},"type":"if","locations":[{"start":{"line":62,"column":2},"end":{"line":62,"column":53}},{"start":{},"end":{}}],"line":62},"1":{"loc":{"start":{"line":64,"column":2},"end":{"line":64,"column":80}},"type":"if","locations":[{"start":{"line":64,"column":2},"end":{"line":64,"column":80}},{"start":{},"end":{}}],"line":64},"2":{"loc":{"start":{"line":64,"column":6},"end":{"line":64,"column":50}},"type":"binary-expr","locations":[{"start":{"line":64,"column":6},"end":{"line":64,"column":23}},{"start":{"line":64,"column":27},"end":{"line":64,"column":50}}],"line":64},"3":{"loc":{"start":{"line":65,"column":2},"end":{"line":65,"column":83}},"type":"if","locations":[{"start":{"line":65,"column":2},"end":{"line":65,"column":83}},{"start":{},"end":{}}],"line":65},"4":{"loc":{"start":{"line":65,"column":6},"end":{"line":65,"column":51}},"type":"binary-expr","locations":[{"start":{"line":65,"column":6},"end":{"line":65,"column":25}},{"start":{"line":65,"column":29},"end":{"line":65,"column":51}}],"line":65},"5":{"loc":{"start":{"line":66,"column":2},"end":{"line":66,"column":85}},"type":"if","locations":[{"start":{"line":66,"column":2},"end":{"line":66,"column":85}},{"start":{},"end":{}}],"line":66},"6":{"loc":{"start":{"line":66,"column":6},"end":{"line":66,"column":50}},"type":"binary-expr","locations":[{"start":{"line":66,"column":6},"end":{"line":66,"column":28}},{"start":{"line":66,"column":32},"end":{"line":66,"column":50}}],"line":66},"7":{"loc":{"start":{"line":72,"column":2},"end":{"line":72,"column":75}},"type":"if","locations":[{"start":{"line":72,"column":2},"end":{"line":72,"column":75}},{"start":{},"end":{}}],"line":72},"8":{"loc":{"start":{"line":73,"column":9},"end":{"line":73,"column":84}},"type":"binary-expr","locations":[{"start":{"line":73,"column":9},"end":{"line":73,"column":41}},{"start":{"line":73,"column":45},"end":{"line":73,"column":84}}],"line":73}},"s":{"0":5,"1":5,"2":5,"3":5,"4":5,"5":5,"6":5,"7":1,"8":0,"9":1,"10":1,"11":1,"12":0,"13":0,"14":0,"15":0,"16":0,"17":5,"18":19,"19":0,"20":19},"f":{"0":1,"1":19},"b":{"0":[0,1],"1":[1,0],"2":[1,0],"3":[0,0],"4":[0,0],"5":[0,0],"6":[0,0],"7":[0,19],"8":[19,1]},"inputSourceMap":null,"_coverageSchema":"1a1c01bbd47fc00a2c39e90264f33305004495a9","hash":"248c525ed3636bbfe3b1ff7ef4fa19e86b52a483"}
,"/home/rudraksh/Code/Class/SE/SE_Proj1/proj2/Ecobites/server/src/controller/auth.controller.js": {"path":"/home/rudraksh/Code/Class/SE/SE_Proj1/proj2/Ecobites/server/src/controller/auth.controller.js","statementMap":{"0":{"start":{"line":4,"column":19},"end":{"line":4,"column":83}},"1":{"start":{"line":6,"column":24},"end":{"line":92,"column":1}},"2":{"start":{"line":7,"column":2},"end":{"line":91,"column":3}},"3":{"start":{"line":17,"column":24},"end":{"line":17,"column":32}},"4":{"start":{"line":19,"column":4},"end":{"line":21,"column":5}},"5":{"start":{"line":20,"column":6},"end":{"line":20,"column":74}},"6":{"start":{"line":23,"column":4},"end":{"line":25,"column":5}},"7":{"start":{"line":24,"column":6},"end":{"line":24,"column":87}},"8":{"start":{"line":27,"column":25},"end":{"line":27,"column":54}},"9":{"start":{"line":28,"column":4},"end":{"line":30,"column":5}},"10":{"start":{"line":29,"column":6},"end":{"line":29,"column":73}},"11":{"start":{"line":32,"column":23},"end":{"line":39,"column":5}},"12":{"start":{"line":41,"column":4},"end":{"line":44,"column":5}},"13":{"start":{"line":42,"column":6},"end":{"line":42,"column":47}},"14":{"start":{"line":43,"column":6},"end":{"line":43,"column":33}},"15":{"start":{"line":46,"column":4},"end":{"line":49,"column":5}},"16":{"start":{"line":47,"column":6},"end":{"line":47,"column":41}},"17":{"start":{"line":48,"column":6},"end":{"line":48,"column":43}},"18":{"start":{"line":51,"column":17},"end":{"line":51,"column":35}},"19":{"start":{"line":52,"column":4},"end":{"line":52,"column":22}},"20":{"start":{"line":55,"column":18},"end":{"line":59,"column":5}},"21":{"start":{"line":62,"column":4},"end":{"line":67,"column":7}},"22":{"start":{"line":69,"column":4},"end":{"line":87,"column":7}},"23":{"start":{"line":89,"column":4},"end":{"line":89,"column":48}},"24":{"start":{"line":90,"column":4},"end":{"line":90,"column":72}},"25":{"start":{"line":94,"column":21},"end":{"line":149,"column":1}},"26":{"start":{"line":95,"column":2},"end":{"line":148,"column":3}},"27":{"start":{"line":96,"column":32},"end":{"line":96,"column":40}},"28":{"start":{"line":98,"column":4},"end":{"line":100,"column":5}},"29":{"start":{"line":99,"column":6},"end":{"line":99,"column":82}},"30":{"start":{"line":102,"column":17},"end":{"line":102,"column":46}},"31":{"start":{"line":103,"column":4},"end":{"line":105,"column":5}},"32":{"start":{"line":104,"column":6},"end":{"line":104,"column":68}},"33":{"start":{"line":107,"column":20},"end":{"line":107,"column":56}},"34":{"start":{"line":108,"column":4},"end":{"line":110,"column":5}},"35":{"start":{"line":109,"column":6},"end":{"line":109,"column":68}},"36":{"start":{"line":112,"column":18},"end":{"line":116,"column":5}},"37":{"start":{"line":119,"column":4},"end":{"line":124,"column":7}},"38":{"start":{"line":126,"column":4},"end":{"line":144,"column":7}},"39":{"start":{"line":146,"column":4},"end":{"line":146,"column":41}},"40":{"start":{"line":147,"column":4},"end":{"line":147,"column":65}},"41":{"start":{"line":151,"column":18},"end":{"line":179,"column":1}},"42":{"start":{"line":152,"column":2},"end":{"line":178,"column":3}},"43":{"start":{"line":154,"column":4},"end":{"line":156,"column":5}},"44":{"start":{"line":155,"column":6},"end":{"line":155,"column":61}},"45":{"start":{"line":157,"column":4},"end":{"line":174,"column":7}},"46":{"start":{"line":176,"column":4},"end":{"line":176,"column":38}},"47":{"start":{"line":177,"column":4},"end":{"line":177,"column":52}},"48":{"start":{"line":181,"column":22},"end":{"line":195,"column":1}},"49":{"start":{"line":182,"column":2},"end":{"line":194,"column":3}},"50":{"start":{"line":184,"column":4},"end":{"line":188,"column":7}},"51":{"start":{"line":190,"column":4},"end":{"line":190,"column":53}},"52":{"start":{"line":192,"column":4},"end":{"line":192,"column":42}},"53":{"start":{"line":193,"column":4},"end":{"line":193,"column":66}}},"fnMap":{"0":{"name":"(anonymous_0)","decl":{"start":{"line":6,"column":24},"end":{"line":6,"column":25}},"loc":{"start":{"line":6,"column":44},"end":{"line":92,"column":1}},"line":6},"1":{"name":"(anonymous_1)","decl":{"start":{"line":94,"column":21},"end":{"line":94,"column":22}},"loc":{"start":{"line":94,"column":41},"end":{"line":149,"column":1}},"line":94},"2":{"name":"(anonymous_2)","decl":{"start":{"line":151,"column":18},"end":{"line":151,"column":19}},"loc":{"start":{"line":151,"column":38},"end":{"line":179,"column":1}},"line":151},"3":{"name":"(anonymous_3)","decl":{"start":{"line":181,"column":22},"end":{"line":181,"column":23}},"loc":{"start":{"line":181,"column":42},"end":{"line":195,"column":1}},"line":181}},"branchMap":{"0":{"loc":{"start":{"line":4,"column":19},"end":{"line":4,"column":83}},"type":"binary-expr","locations":[{"start":{"line":4,"column":19},"end":{"line":4,"column":41}},{"start":{"line":4,"column":45},"end":{"line":4,"column":83}}],"line":4},"1":{"loc":{"start":{"line":19,"column":4},"end":{"line":21,"column":5}},"type":"if","locations":[{"start":{"line":19,"column":4},"end":{"line":21,"column":5}},{"start":{},"end":{}}],"line":19},"2":{"loc":{"start":{"line":19,"column":8},"end":{"line":19,"column":36}},"type":"binary-expr","locations":[{"start":{"line":19,"column":8},"end":{"line":19,"column":13}},{"start":{"line":19,"column":17},"end":{"line":19,"column":23}},{"start":{"line":19,"column":27},"end":{"line":19,"column":36}}],"line":19},"3":{"loc":{"start":{"line":23,"column":4},"end":{"line":25,"column":5}},"type":"if","locations":[{"start":{"line":23,"column":4},"end":{"line":25,"column":5}},{"start":{},"end":{}}],"line":23},"4":{"loc":{"start":{"line":28,"column":4},"end":{"line":30,"column":5}},"type":"if","locations":[{"start":{"line":28,"column":4},"end":{"line":30,"column":5}},{"start":{},"end":{}}],"line":28},"5":{"loc":{"start":{"line":37,"column":12},"end":{"line":37,"column":30}},"type":"binary-expr","locations":[{"start":{"line":37,"column":12},"end":{"line":37,"column":16}},{"start":{"line":37,"column":20},"end":{"line":37,"column":30}}],"line":37},"6":{"loc":{"start":{"line":41,"column":4},"end":{"line":44,"column":5}},"type":"if","locations":[{"start":{"line":41,"column":4},"end":{"line":44,"column":5}},{"start":{},"end":{}}],"line":41},"7":{"loc":{"start":{"line":46,"column":4},"end":{"line":49,"column":5}},"type":"if","locations":[{"start":{"line":46,"column":4},"end":{"line":49,"column":5}},{"start":{},"end":{}}],"line":46},"8":{"loc":{"start":{"line":77,"column":22},"end":{"line":77,"column":44}},"type":"binary-expr","locations":[{"start":{"line":77,"column":22},"end":{"line":77,"column":39}},{"start":{"line":77,"column":43},"end":{"line":77,"column":44}}],"line":77},"9":{"loc":{"start":{"line":78,"column":23},"end":{"line":78,"column":47}},"type":"binary-expr","locations":[{"start":{"line":78,"column":23},"end":{"line":78,"column":41}},{"start":{"line":78,"column":45},"end":{"line":78,"column":47}}],"line":78},"10":{"loc":{"start":{"line":79,"column":21},"end":{"line":79,"column":45}},"type":"binary-expr","locations":[{"start":{"line":79,"column":21},"end":{"line":79,"column":37}},{"start":{"line":79,"column":41},"end":{"line":79,"column":45}}],"line":79},"11":{"loc":{"start":{"line":80,"column":22},"end":{"line":80,"column":47}},"type":"binary-expr","locations":[{"start":{"line":80,"column":22},"end":{"line":80,"column":39}},{"start":{"line":80,"column":43},"end":{"line":80,"column":47}}],"line":80},"12":{"loc":{"start":{"line":81,"column":24},"end":{"line":81,"column":51}},"type":"binary-expr","locations":[{"start":{"line":81,"column":24},"end":{"line":81,"column":43}},{"start":{"line":81,"column":47},"end":{"line":81,"column":51}}],"line":81},"13":{"loc":{"start":{"line":82,"column":17},"end":{"line":82,"column":37}},"type":"binary-expr","locations":[{"start":{"line":82,"column":17},"end":{"line":82,"column":29}},{"start":{"line":82,"column":33},"end":{"line":82,"column":37}}],"line":82},"14":{"loc":{"start":{"line":83,"column":17},"end":{"line":83,"column":37}},"type":"binary-expr","locations":[{"start":{"line":83,"column":17},"end":{"line":83,"column":29}},{"start":{"line":83,"column":33},"end":{"line":83,"column":37}}],"line":83},"15":{"loc":{"start":{"line":84,"column":15},"end":{"line":84,"column":33}},"type":"binary-expr","locations":[{"start":{"line":84,"column":15},"end":{"line":84,"column":25}},{"start":{"line":84,"column":29},"end":{"line":84,"column":33}}],"line":84},"16":{"loc":{"start":{"line":85,"column":21},"end":{"line":85,"column":43}},"type":"binary-expr","locations":[{"start":{"line":85,"column":21},"end":{"line":85,"column":37}},{"start":{"line":85,"column":41},"end":{"line":85,"column":43}}],"line":85},"17":{"loc":{"start":{"line":98,"column":4},"end":{"line":100,"column":5}},"type":"if","locations":[{"start":{"line":98,"column":4},"end":{"line":100,"column":5}},{"start":{},"end":{}}],"line":98},"18":{"loc":{"start":{"line":98,"column":8},"end":{"line":98,"column":27}},"type":"binary-expr","locations":[{"start":{"line":98,"column":8},"end":{"line":98,"column":14}},{"start":{"line":98,"column":18},"end":{"line":98,"column":27}}],"line":98},"19":{"loc":{"start":{"line":103,"column":4},"end":{"line":105,"column":5}},"type":"if","locations":[{"start":{"line":103,"column":4},"end":{"line":105,"column":5}},{"start":{},"end":{}}],"line":103},"20":{"loc":{"start":{"line":108,"column":4},"end":{"line":110,"column":5}},"type":"if","locations":[{"start":{"line":108,"column":4},"end":{"line":110,"column":5}},{"start":{},"end":{}}],"line":108},"21":{"loc":{"start":{"line":134,"column":22},"end":{"line":134,"column":44}},"type":"binary-expr","locations":[{"start":{"line":134,"column":22},"end":{"line":134,"column":39}},{"start":{"line":134,"column":43},"end":{"line":134,"column":44}}],"line":134},"22":{"loc":{"start":{"line":135,"column":23},"end":{"line":135,"column":47}},"type":"binary-expr","locations":[{"start":{"line":135,"column":23},"end":{"line":135,"column":41}},{"start":{"line":135,"column":45},"end":{"line":135,"column":47}}],"line":135},"23":{"loc":{"start":{"line":136,"column":21},"end":{"line":136,"column":45}},"type":"binary-expr","locations":[{"start":{"line":136,"column":21},"end":{"line":136,"column":37}},{"start":{"line":136,"column":41},"end":{"line":136,"column":45}}],"line":136},"24":{"loc":{"start":{"line":137,"column":22},"end":{"line":137,"column":47}},"type":"binary-expr","locations":[{"start":{"line":137,"column":22},"end":{"line":137,"column":39}},{"start":{"line":137,"column":43},"end":{"line":137,"column":47}}],"line":137},"25":{"loc":{"start":{"line":138,"column":24},"end":{"line":138,"column":51}},"type":"binary-expr","locations":[{"start":{"line":138,"column":24},"end":{"line":138,"column":43}},{"start":{"line":138,"column":47},"end":{"line":138,"column":51}}],"line":138},"26":{"loc":{"start":{"line":139,"column":17},"end":{"line":139,"column":37}},"type":"binary-expr","locations":[{"start":{"line":139,"column":17},"end":{"line":139,"column":29}},{"start":{"line":139,"column":33},"end":{"line":139,"column":37}}],"line":139},"27":{"loc":{"start":{"line":140,"column":17},"end":{"line":140,"column":37}},"type":"binary-expr","locations":[{"start":{"line":140,"column":17},"end":{"line":140,"column":29}},{"start":{"line":140,"column":33},"end":{"line":140,"column":37}}],"line":140},"28":{"loc":{"start":{"line":141,"column":15},"end":{"line":141,"column":33}},"type":"binary-expr","locations":[{"start":{"line":141,"column":15},"end":{"line":141,"column":25}},{"start":{"line":141,"column":29},"end":{"line":141,"column":33}}],"line":141},"29":{"loc":{"start":{"line":142,"column":21},"end":{"line":142,"column":43}},"type":"binary-expr","locations":[{"start":{"line":142,"column":21},"end":{"line":142,"column":37}},{"start":{"line":142,"column":41},"end":{"line":142,"column":43}}],"line":142},"30":{"loc":{"start":{"line":154,"column":4},"end":{"line":156,"column":5}},"type":"if","locations":[{"start":{"line":154,"column":4},"end":{"line":156,"column":5}},{"start":{},"end":{}}],"line":154},"31":{"loc":{"start":{"line":164,"column":22},"end":{"line":164,"column":48}},"type":"binary-expr","locations":[{"start":{"line":164,"column":22},"end":{"line":164,"column":43}},{"start":{"line":164,"column":47},"end":{"line":164,"column":48}}],"line":164},"32":{"loc":{"start":{"line":165,"column":23},"end":{"line":165,"column":51}},"type":"binary-expr","locations":[{"start":{"line":165,"column":23},"end":{"line":165,"column":45}},{"start":{"line":165,"column":49},"end":{"line":165,"column":51}}],"line":165},"33":{"loc":{"start":{"line":166,"column":21},"end":{"line":166,"column":49}},"type":"binary-expr","locations":[{"start":{"line":166,"column":21},"end":{"line":166,"column":41}},{"start":{"line":166,"column":45},"end":{"line":166,"column":49}}],"line":166},"34":{"loc":{"start":{"line":167,"column":22},"end":{"line":167,"column":51}},"type":"binary-expr","locations":[{"start":{"line":167,"column":22},"end":{"line":167,"column":43}},{"start":{"line":167,"column":47},"end":{"line":167,"column":51}}],"line":167},"35":{"loc":{"start":{"line":168,"column":24},"end":{"line":168,"column":55}},"type":"binary-expr","locations":[{"start":{"line":168,"column":24},"end":{"line":168,"column":47}},{"start":{"line":168,"column":51},"end":{"line":168,"column":55}}],"line":168},"36":{"loc":{"start":{"line":169,"column":17},"end":{"line":169,"column":41}},"type":"binary-expr","locations":[{"start":{"line":169,"column":17},"end":{"line":169,"column":33}},{"start":{"line":169,"column":37},"end":{"line":169,"column":41}}],"line":169},"37":{"loc":{"start":{"line":170,"column":17},"end":{"line":170,"column":41}},"type":"binary-expr","locations":[{"start":{"line":170,"column":17},"end":{"line":170,"column":33}},{"start":{"line":170,"column":37},"end":{"line":170,"column":41}}],"line":170},"38":{"loc":{"start":{"line":171,"column":15},"end":{"line":171,"column":37}},"type":"binary-expr","locations":[{"start":{"line":171,"column":15},"end":{"line":171,"column":29}},{"start":{"line":171,"column":33},"end":{"line":171,"column":37}}],"line":171},"39":{"loc":{"start":{"line":172,"column":21},"end":{"line":172,"column":47}},"type":"binary-expr","locations":[{"start":{"line":172,"column":21},"end":{"line":172,"column":41}},{"start":{"line":172,"column":45},"end":{"line":172,"column":47}}],"line":172}},"s":{"0":5,"1":5,"2":13,"3":13,"4":13,"5":0,"6":13,"7":0,"8":13,"9":13,"10":1,"11":12,"12":12,"13":3,"14":3,"15":12,"16":1,"17":1,"18":12,"19":12,"20":12,"21":12,"22":12,"23":0,"24":0,"25":5,"26":9,"27":9,"28":9,"29":0,"30":9,"31":9,"32":0,"33":9,"34":9,"35":0,"36":9,"37":9,"38":9,"39":0,"40":0,"41":5,"42":0,"43":0,"44":0,"45":0,"46":0,"47":0,"48":5,"49":0,"50":0,"51":0,"52":0,"53":0},"f":{"0":13,"1":9,"2":0,"3":0},"b":{"0":[5,5],"1":[0,13],"2":[13,13,13],"3":[0,13],"4":[1,12],"5":[12,2],"6":[3,9],"7":[1,11],"8":[12,12],"9":[12,0],"10":[12,11],"11":[12,11],"12":[12,11],"13":[12,0],"14":[12,0],"15":[12,12],"16":[12,0],"17":[0,9],"18":[9,9],"19":[0,9],"20":[0,9],"21":[9,9],"22":[9,0],"23":[9,9],"24":[9,9],"25":[9,9],"26":[9,0],"27":[9,0],"28":[9,4],"29":[9,0],"30":[0,0],"31":[0,0],"32":[0,0],"33":[0,0],"34":[0,0],"35":[0,0],"36":[0,0],"37":[0,0],"38":[0,0],"39":[0,0]},"inputSourceMap":null,"_coverageSchema":"1a1c01bbd47fc00a2c39e90264f33305004495a9","hash":"408b28b512f4bd85fa594a7dbcb765304bb93da6"}
,"/home/rudraksh/Code/Class/SE/SE_Proj1/proj2/Ecobites/server/src/controller/bid.controller.js": {"path":"/home/rudraksh/Code/Class/SE/SE_Proj1/proj2/Ecobites/server/src/controller/bid.controller.js","statementMap":{"0":{"start":{"line":6,"column":43},"end":{"line":43,"column":1}},"1":{"start":{"line":7,"column":2},"end":{"line":42,"column":3}},"2":{"start":{"line":8,"column":19},"end":{"line":15,"column":16}},"3":{"start":{"line":18,"column":28},"end":{"line":29,"column":6}},"4":{"start":{"line":19,"column":18},"end":{"line":19,"column":34}},"5":{"start":{"line":20,"column":6},"end":{"line":23,"column":7}},"6":{"start":{"line":21,"column":8},"end":{"line":21,"column":88}},"7":{"start":{"line":22,"column":8},"end":{"line":22,"column":48}},"8":{"start":{"line":24,"column":6},"end":{"line":27,"column":7}},"9":{"start":{"line":25,"column":8},"end":{"line":25,"column":57}},"10":{"start":{"line":26,"column":8},"end":{"line":26,"column":44}},"11":{"start":{"line":28,"column":6},"end":{"line":28,"column":17}},"12":{"start":{"line":31,"column":4},"end":{"line":35,"column":7}},"13":{"start":{"line":37,"column":4},"end":{"line":37,"column":63}},"14":{"start":{"line":38,"column":4},"end":{"line":41,"column":7}},"15":{"start":{"line":46,"column":24},"end":{"line":138,"column":1}},"16":{"start":{"line":47,"column":2},"end":{"line":137,"column":3}},"17":{"start":{"line":48,"column":76},"end":{"line":48,"column":84}},"18":{"start":{"line":49,"column":21},"end":{"line":49,"column":33}},"19":{"start":{"line":52,"column":4},"end":{"line":57,"column":5}},"20":{"start":{"line":53,"column":6},"end":{"line":56,"column":9}},"21":{"start":{"line":60,"column":18},"end":{"line":60,"column":47}},"22":{"start":{"line":61,"column":4},"end":{"line":66,"column":5}},"23":{"start":{"line":62,"column":6},"end":{"line":65,"column":9}},"24":{"start":{"line":68,"column":4},"end":{"line":73,"column":5}},"25":{"start":{"line":69,"column":6},"end":{"line":72,"column":9}},"26":{"start":{"line":75,"column":4},"end":{"line":80,"column":5}},"27":{"start":{"line":76,"column":6},"end":{"line":79,"column":9}},"28":{"start":{"line":83,"column":4},"end":{"line":88,"column":5}},"29":{"start":{"line":84,"column":6},"end":{"line":87,"column":9}},"30":{"start":{"line":91,"column":24},"end":{"line":95,"column":6}},"31":{"start":{"line":97,"column":4},"end":{"line":102,"column":5}},"32":{"start":{"line":98,"column":6},"end":{"line":101,"column":9}},"33":{"start":{"line":105,"column":4},"end":{"line":110,"column":5}},"34":{"start":{"line":106,"column":6},"end":{"line":109,"column":9}},"35":{"start":{"line":113,"column":22},"end":{"line":113,"column":59}},"36":{"start":{"line":115,"column":16},"end":{"line":123,"column":6}},"37":{"start":{"line":125,"column":4},"end":{"line":125,"column":21}},"38":{"start":{"line":127,"column":4},"end":{"line":130,"column":7}},"39":{"start":{"line":132,"column":4},"end":{"line":132,"column":44}},"40":{"start":{"line":133,"column":4},"end":{"line":136,"column":7}},"41":{"start":{"line":141,"column":31},"end":{"line":177,"column":1}},"42":{"start":{"line":142,"column":2},"end":{"line":176,"column":3}},"43":{"start":{"line":143,"column":24},"end":{"line":143,"column":34}},"44":{"start":{"line":145,"column":18},"end":{"line":145,"column":47}},"45":{"start":{"line":146,"column":4},"end":{"line":151,"column":5}},"46":{"start":{"line":147,"column":6},"end":{"line":150,"column":9}},"47":{"start":{"line":154,"column":4},"end":{"line":159,"column":5}},"48":{"start":{"line":155,"column":6},"end":{"line":158,"column":9}},"49":{"start":{"line":161,"column":17},"end":{"line":163,"column":45}},"50":{"start":{"line":165,"column":4},"end":{"line":169,"column":7}},"51":{"start":{"line":171,"column":4},"end":{"line":171,"column":51}},"52":{"start":{"line":172,"column":4},"end":{"line":175,"column":7}},"53":{"start":{"line":180,"column":25},"end":{"line":198,"column":1}},"54":{"start":{"line":181,"column":2},"end":{"line":197,"column":3}},"55":{"start":{"line":182,"column":17},"end":{"line":184,"column":30}},"56":{"start":{"line":186,"column":4},"end":{"line":190,"column":7}},"57":{"start":{"line":192,"column":4},"end":{"line":192,"column":45}},"58":{"start":{"line":193,"column":4},"end":{"line":196,"column":7}},"59":{"start":{"line":201,"column":25},"end":{"line":318,"column":1}},"60":{"start":{"line":202,"column":2},"end":{"line":317,"column":3}},"61":{"start":{"line":203,"column":22},"end":{"line":203,"column":32}},"62":{"start":{"line":206,"column":16},"end":{"line":206,"column":61}},"63":{"start":{"line":207,"column":4},"end":{"line":212,"column":5}},"64":{"start":{"line":208,"column":6},"end":{"line":211,"column":9}},"65":{"start":{"line":214,"column":18},"end":{"line":214,"column":29}},"66":{"start":{"line":217,"column":4},"end":{"line":222,"column":5}},"67":{"start":{"line":218,"column":6},"end":{"line":221,"column":9}},"68":{"start":{"line":225,"column":4},"end":{"line":230,"column":5}},"69":{"start":{"line":226,"column":6},"end":{"line":229,"column":9}},"70":{"start":{"line":232,"column":4},"end":{"line":239,"column":5}},"71":{"start":{"line":233,"column":6},"end":{"line":233,"column":29}},"72":{"start":{"line":234,"column":6},"end":{"line":234,"column":23}},"73":{"start":{"line":235,"column":6},"end":{"line":238,"column":9}},"74":{"start":{"line":242,"column":24},"end":{"line":242,"column":57}},"75":{"start":{"line":243,"column":4},"end":{"line":248,"column":5}},"76":{"start":{"line":244,"column":6},"end":{"line":247,"column":9}},"77":{"start":{"line":251,"column":4},"end":{"line":251,"column":28}},"78":{"start":{"line":252,"column":4},"end":{"line":252,"column":21}},"79":{"start":{"line":255,"column":4},"end":{"line":255,"column":36}},"80":{"start":{"line":256,"column":4},"end":{"line":256,"column":35}},"81":{"start":{"line":257,"column":4},"end":{"line":257,"column":29}},"82":{"start":{"line":258,"column":4},"end":{"line":258,"column":38}},"83":{"start":{"line":259,"column":4},"end":{"line":259,"column":32}},"84":{"start":{"line":260,"column":4},"end":{"line":260,"column":48}},"85":{"start":{"line":261,"column":4},"end":{"line":261,"column":44}},"86":{"start":{"line":276,"column":4},"end":{"line":276,"column":28}},"87":{"start":{"line":277,"column":4},"end":{"line":280,"column":7}},"88":{"start":{"line":281,"column":4},"end":{"line":284,"column":7}},"89":{"start":{"line":285,"column":4},"end":{"line":285,"column":23}},"90":{"start":{"line":288,"column":4},"end":{"line":295,"column":6}},"91":{"start":{"line":298,"column":27},"end":{"line":298,"column":29}},"92":{"start":{"line":299,"column":4},"end":{"line":301,"column":7}},"93":{"start":{"line":303,"column":4},"end":{"line":310,"column":7}},"94":{"start":{"line":312,"column":4},"end":{"line":312,"column":45}},"95":{"start":{"line":313,"column":4},"end":{"line":316,"column":7}},"96":{"start":{"line":321,"column":25},"end":{"line":365,"column":1}},"97":{"start":{"line":322,"column":2},"end":{"line":364,"column":3}},"98":{"start":{"line":323,"column":22},"end":{"line":323,"column":32}},"99":{"start":{"line":325,"column":16},"end":{"line":325,"column":61}},"100":{"start":{"line":326,"column":4},"end":{"line":331,"column":5}},"101":{"start":{"line":327,"column":6},"end":{"line":330,"column":9}},"102":{"start":{"line":333,"column":18},"end":{"line":333,"column":29}},"103":{"start":{"line":336,"column":4},"end":{"line":341,"column":5}},"104":{"start":{"line":337,"column":6},"end":{"line":340,"column":9}},"105":{"start":{"line":343,"column":4},"end":{"line":348,"column":5}},"106":{"start":{"line":344,"column":6},"end":{"line":347,"column":9}},"107":{"start":{"line":350,"column":4},"end":{"line":350,"column":28}},"108":{"start":{"line":351,"column":4},"end":{"line":351,"column":21}},"109":{"start":{"line":353,"column":4},"end":{"line":357,"column":7}},"110":{"start":{"line":359,"column":4},"end":{"line":359,"column":45}},"111":{"start":{"line":360,"column":4},"end":{"line":363,"column":7}},"112":{"start":{"line":368,"column":25},"end":{"line":410,"column":1}},"113":{"start":{"line":369,"column":2},"end":{"line":409,"column":3}},"114":{"start":{"line":370,"column":22},"end":{"line":370,"column":32}},"115":{"start":{"line":372,"column":16},"end":{"line":372,"column":41}},"116":{"start":{"line":373,"column":4},"end":{"line":378,"column":5}},"117":{"start":{"line":374,"column":6},"end":{"line":377,"column":9}},"118":{"start":{"line":381,"column":4},"end":{"line":386,"column":5}},"119":{"start":{"line":382,"column":6},"end":{"line":385,"column":9}},"120":{"start":{"line":388,"column":4},"end":{"line":393,"column":5}},"121":{"start":{"line":389,"column":6},"end":{"line":392,"column":9}},"122":{"start":{"line":395,"column":4},"end":{"line":395,"column":28}},"123":{"start":{"line":396,"column":4},"end":{"line":396,"column":21}},"124":{"start":{"line":398,"column":4},"end":{"line":402,"column":7}},"125":{"start":{"line":404,"column":4},"end":{"line":404,"column":45}},"126":{"start":{"line":405,"column":4},"end":{"line":408,"column":7}}},"fnMap":{"0":{"name":"(anonymous_0)","decl":{"start":{"line":6,"column":43},"end":{"line":6,"column":44}},"loc":{"start":{"line":6,"column":63},"end":{"line":43,"column":1}},"line":6},"1":{"name":"(anonymous_1)","decl":{"start":{"line":18,"column":39},"end":{"line":18,"column":40}},"loc":{"start":{"line":18,"column":48},"end":{"line":29,"column":5}},"line":18},"2":{"name":"(anonymous_2)","decl":{"start":{"line":46,"column":24},"end":{"line":46,"column":25}},"loc":{"start":{"line":46,"column":44},"end":{"line":138,"column":1}},"line":46},"3":{"name":"(anonymous_3)","decl":{"start":{"line":141,"column":31},"end":{"line":141,"column":32}},"loc":{"start":{"line":141,"column":51},"end":{"line":177,"column":1}},"line":141},"4":{"name":"(anonymous_4)","decl":{"start":{"line":180,"column":25},"end":{"line":180,"column":26}},"loc":{"start":{"line":180,"column":45},"end":{"line":198,"column":1}},"line":180},"5":{"name":"(anonymous_5)","decl":{"start":{"line":201,"column":25},"end":{"line":201,"column":26}},"loc":{"start":{"line":201,"column":45},"end":{"line":318,"column":1}},"line":201},"6":{"name":"(anonymous_6)","decl":{"start":{"line":321,"column":25},"end":{"line":321,"column":26}},"loc":{"start":{"line":321,"column":45},"end":{"line":365,"column":1}},"line":321},"7":{"name":"(anonymous_7)","decl":{"start":{"line":368,"column":25},"end":{"line":368,"column":26}},"loc":{"start":{"line":368,"column":45},"end":{"line":410,"column":1}},"line":368}},"branchMap":{"0":{"loc":{"start":{"line":20,"column":6},"end":{"line":23,"column":7}},"type":"if","locations":[{"start":{"line":20,"column":6},"end":{"line":23,"column":7}},{"start":{},"end":{}}],"line":20},"1":{"loc":{"start":{"line":20,"column":10},"end":{"line":20,"column":66}},"type":"binary-expr","locations":[{"start":{"line":20,"column":10},"end":{"line":20,"column":26}},{"start":{"line":20,"column":30},"end":{"line":20,"column":66}}],"line":20},"2":{"loc":{"start":{"line":21,"column":25},"end":{"line":21,"column":87}},"type":"binary-expr","locations":[{"start":{"line":21,"column":25},"end":{"line":21,"column":56}},{"start":{"line":21,"column":60},"end":{"line":21,"column":81}},{"start":{"line":21,"column":85},"end":{"line":21,"column":87}}],"line":21},"3":{"loc":{"start":{"line":24,"column":6},"end":{"line":27,"column":7}},"type":"if","locations":[{"start":{"line":24,"column":6},"end":{"line":27,"column":7}},{"start":{},"end":{}}],"line":24},"4":{"loc":{"start":{"line":24,"column":10},"end":{"line":24,"column":62}},"type":"binary-expr","locations":[{"start":{"line":24,"column":10},"end":{"line":24,"column":24}},{"start":{"line":24,"column":28},"end":{"line":24,"column":62}}],"line":24},"5":{"loc":{"start":{"line":25,"column":31},"end":{"line":25,"column":56}},"type":"binary-expr","locations":[{"start":{"line":25,"column":31},"end":{"line":25,"column":50}},{"start":{"line":25,"column":54},"end":{"line":25,"column":56}}],"line":25},"6":{"loc":{"start":{"line":52,"column":4},"end":{"line":57,"column":5}},"type":"if","locations":[{"start":{"line":52,"column":4},"end":{"line":57,"column":5}},{"start":{},"end":{}}],"line":52},"7":{"loc":{"start":{"line":61,"column":4},"end":{"line":66,"column":5}},"type":"if","locations":[{"start":{"line":61,"column":4},"end":{"line":66,"column":5}},{"start":{},"end":{}}],"line":61},"8":{"loc":{"start":{"line":68,"column":4},"end":{"line":73,"column":5}},"type":"if","locations":[{"start":{"line":68,"column":4},"end":{"line":73,"column":5}},{"start":{},"end":{}}],"line":68},"9":{"loc":{"start":{"line":75,"column":4},"end":{"line":80,"column":5}},"type":"if","locations":[{"start":{"line":75,"column":4},"end":{"line":80,"column":5}},{"start":{},"end":{}}],"line":75},"10":{"loc":{"start":{"line":83,"column":4},"end":{"line":88,"column":5}},"type":"if","locations":[{"start":{"line":83,"column":4},"end":{"line":88,"column":5}},{"start":{},"end":{}}],"line":83},"11":{"loc":{"start":{"line":97,"column":4},"end":{"line":102,"column":5}},"type":"if","locations":[{"start":{"line":97,"column":4},"end":{"line":102,"column":5}},{"start":{},"end":{}}],"line":97},"12":{"loc":{"start":{"line":105,"column":4},"end":{"line":110,"column":5}},"type":"if","locations":[{"start":{"line":105,"column":4},"end":{"line":110,"column":5}},{"start":{},"end":{}}],"line":105},"13":{"loc":{"start":{"line":105,"column":8},"end":{"line":105,"column":35}},"type":"binary-expr","locations":[{"start":{"line":105,"column":8},"end":{"line":105,"column":18}},{"start":{"line":105,"column":22},"end":{"line":105,"column":35}}],"line":105},"14":{"loc":{"start":{"line":119,"column":15},"end":{"line":119,"column":28}},"type":"binary-expr","locations":[{"start":{"line":119,"column":15},"end":{"line":119,"column":22}},{"start":{"line":119,"column":26},"end":{"line":119,"column":28}}],"line":119},"15":{"loc":{"start":{"line":146,"column":4},"end":{"line":151,"column":5}},"type":"if","locations":[{"start":{"line":146,"column":4},"end":{"line":151,"column":5}},{"start":{},"end":{}}],"line":146},"16":{"loc":{"start":{"line":154,"column":4},"end":{"line":159,"column":5}},"type":"if","locations":[{"start":{"line":154,"column":4},"end":{"line":159,"column":5}},{"start":{},"end":{}}],"line":154},"17":{"loc":{"start":{"line":207,"column":4},"end":{"line":212,"column":5}},"type":"if","locations":[{"start":{"line":207,"column":4},"end":{"line":212,"column":5}},{"start":{},"end":{}}],"line":207},"18":{"loc":{"start":{"line":217,"column":4},"end":{"line":222,"column":5}},"type":"if","locations":[{"start":{"line":217,"column":4},"end":{"line":222,"column":5}},{"start":{},"end":{}}],"line":217},"19":{"loc":{"start":{"line":225,"column":4},"end":{"line":230,"column":5}},"type":"if","locations":[{"start":{"line":225,"column":4},"end":{"line":230,"column":5}},{"start":{},"end":{}}],"line":225},"20":{"loc":{"start":{"line":232,"column":4},"end":{"line":239,"column":5}},"type":"if","locations":[{"start":{"line":232,"column":4},"end":{"line":239,"column":5}},{"start":{},"end":{}}],"line":232},"21":{"loc":{"start":{"line":243,"column":4},"end":{"line":248,"column":5}},"type":"if","locations":[{"start":{"line":243,"column":4},"end":{"line":248,"column":5}},{"start":{},"end":{}}],"line":243},"22":{"loc":{"start":{"line":326,"column":4},"end":{"line":331,"column":5}},"type":"if","locations":[{"start":{"line":326,"column":4},"end":{"line":331,"column":5}},{"start":{},"end":{}}],"line":326},"23":{"loc":{"start":{"line":336,"column":4},"end":{"line":341,"column":5}},"type":"if","locations":[{"start":{"line":336,"column":4},"end":{"line":341,"column":5}},{"start":{},"end":{}}],"line":336},"24":{"loc":{"start":{"line":343,"column":4},"end":{"line":348,"column":5}},"type":"if","locations":[{"start":{"line":343,"column":4},"end":{"line":348,"column":5}},{"start":{},"end":{}}],"line":343},"25":{"loc":{"start":{"line":373,"column":4},"end":{"line":378,"column":5}},"type":"if","locations":[{"start":{"line":373,"column":4},"end":{"line":378,"column":5}},{"start":{},"end":{}}],"line":373},"26":{"loc":{"start":{"line":381,"column":4},"end":{"line":386,"column":5}},"type":"if","locations":[{"start":{"line":381,"column":4},"end":{"line":386,"column":5}},{"start":{},"end":{}}],"line":381},"27":{"loc":{"start":{"line":388,"column":4},"end":{"line":393,"column":5}},"type":"if","locations":[{"start":{"line":388,"column":4},"end":{"line":393,"column":5}},{"start":{},"end":{}}],"line":388}},"s":{"0":5,"1":0,"2":0,"3":0,"4":0,"5":0,"6":0,"7":0,"8":0,"9":0,"10":0,"11":0,"12":0,"13":0,"14":0,"15":5,"16":0,"17":0,"18":0,"19":0,"20":0,"21":0,"22":0,"23":0,"24":0,"25":0,"26":0,"27":0,"28":0,"29":0,"30":0,"31":0,"32":0,"33":0,"34":0,"35":0,"36":0,"37":0,"38":0,"39":0,"40":0,"41":5,"42":0,"43":0,"44":0,"45":0,"46":0,"47":0,"48":0,"49":0,"50":0,"51":0,"52":0,"53":5,"54":0,"55":0,"56":0,"57":0,"58":0,"59":5,"60":0,"61":0,"62":0,"63":0,"64":0,"65":0,"66":0,"67":0,"68":0,"69":0,"70":0,"71":0,"72":0,"73":0,"74":0,"75":0,"76":0,"77":0,"78":0,"79":0,"80":0,"81":0,"82":0,"83":0,"84":0,"85":0,"86":0,"87":0,"88":0,"89":0,"90":0,"91":0,"92":0,"93":0,"94":0,"95":0,"96":5,"97":0,"98":0,"99":0,"100":0,"101":0,"102":0,"103":0,"104":0,"105":0,"106":0,"107":0,"108":0,"109":0,"110":0,"111":0,"112":5,"113":0,"114":0,"115":0,"116":0,"117":0,"118":0,"119":0,"120":0,"121":0,"122":0,"123":0,"124":0,"125":0,"126":0},"f":{"0":0,"1":0,"2":0,"3":0,"4":0,"5":0,"6":0,"7":0},"b":{"0":[0,0],"1":[0,0],"2":[0,0,0],"3":[0,0],"4":[0,0],"5":[0,0],"6":[0,0],"7":[0,0],"8":[0,0],"9":[0,0],"10":[0,0],"11":[0,0],"12":[0,0],"13":[0,0],"14":[0,0],"15":[0,0],"16":[0,0],"17":[0,0],"18":[0,0],"19":[0,0],"20":[0,0],"21":[0,0],"22":[0,0],"23":[0,0],"24":[0,0],"25":[0,0],"26":[0,0],"27":[0,0]},"inputSourceMap":null,"_coverageSchema":"1a1c01bbd47fc00a2c39e90264f33305004495a9","hash":"782475405be77eb2ad025c24f0b87f264c84287e"}
,"/home/rudraksh/Code/Class/SE/SE_Proj1/proj2/Ecobites/server/src/controller/healthController.js": {"path":"/home/rudraksh/Code/Class/SE/SE_Proj1/proj2/Ecobites/server/src/controller/healthController.js","statementMap":{"0":{"start":{"line":1,"column":25},"end":{"line":3,"column":1}},"1":{"start":{"line":2,"column":2},"end":{"line":2,"column":65}}},"fnMap":{"0":{"name":"(anonymous_0)","decl":{"start":{"line":1,"column":25},"end":{"line":1,"column":26}},"loc":{"start":{"line":1,"column":39},"end":{"line":3,"column":1}},"line":1}},"branchMap":{},"s":{"0":5,"1":0},"f":{"0":0},"b":{},"inputSourceMap":null,"_coverageSchema":"1a1c01bbd47fc00a2c39e90264f33305004495a9","hash":"b6dc51796417531dea05d715febaca2a1f96be9b"}
,"/home/rudraksh/Code/Class/SE/SE_Proj1/proj2/Ecobites/server/src/controller/menu.controller.js": {"path":"/home/rudraksh/Code/Class/SE/SE_Proj1/proj2/Ecobites/server/src/controller/menu.controller.js","statementMap":{"0":{"start":{"line":4,"column":30},"end":{"line":54,"column":1}},"1":{"start":{"line":5,"column":2},"end":{"line":53,"column":3}},"2":{"start":{"line":6,"column":154},"end":{"line":6,"column":162}},"3":{"start":{"line":9,"column":4},"end":{"line":11,"column":5}},"4":{"start":{"line":10,"column":6},"end":{"line":10,"column":45}},"5":{"start":{"line":14,"column":23},"end":{"line":14,"column":78}},"6":{"start":{"line":15,"column":4},"end":{"line":20,"column":5}},"7":{"start":{"line":16,"column":6},"end":{"line":19,"column":9}},"8":{"start":{"line":22,"column":4},"end":{"line":27,"column":5}},"9":{"start":{"line":23,"column":6},"end":{"line":26,"column":9}},"10":{"start":{"line":29,"column":21},"end":{"line":41,"column":6}},"11":{"start":{"line":43,"column":4},"end":{"line":43,"column":26}},"12":{"start":{"line":46,"column":4},"end":{"line":46,"column":35}},"13":{"start":{"line":48,"column":4},"end":{"line":48,"column":55}},"14":{"start":{"line":49,"column":4},"end":{"line":52,"column":7}},"15":{"start":{"line":56,"column":35},"end":{"line":71,"column":1}},"16":{"start":{"line":57,"column":2},"end":{"line":70,"column":3}},"17":{"start":{"line":58,"column":29},"end":{"line":58,"column":39}},"18":{"start":{"line":60,"column":22},"end":{"line":61,"column":37}},"19":{"start":{"line":64,"column":4},"end":{"line":64,"column":24}},"20":{"start":{"line":66,"column":4},"end":{"line":69,"column":7}},"21":{"start":{"line":74,"column":39},"end":{"line":83,"column":1}},"22":{"start":{"line":75,"column":2},"end":{"line":82,"column":3}},"23":{"start":{"line":76,"column":29},"end":{"line":76,"column":39}},"24":{"start":{"line":77,"column":22},"end":{"line":78,"column":24}},"25":{"start":{"line":79,"column":4},"end":{"line":79,"column":24}},"26":{"start":{"line":81,"column":4},"end":{"line":81,"column":69}},"27":{"start":{"line":86,"column":30},"end":{"line":95,"column":1}},"28":{"start":{"line":87,"column":2},"end":{"line":94,"column":3}},"29":{"start":{"line":88,"column":22},"end":{"line":90,"column":16}},"30":{"start":{"line":91,"column":4},"end":{"line":91,"column":24}},"31":{"start":{"line":93,"column":4},"end":{"line":93,"column":69}},"32":{"start":{"line":97,"column":30},"end":{"line":132,"column":1}},"33":{"start":{"line":98,"column":2},"end":{"line":131,"column":3}},"34":{"start":{"line":99,"column":19},"end":{"line":99,"column":29}},"35":{"start":{"line":101,"column":21},"end":{"line":101,"column":48}},"36":{"start":{"line":102,"column":4},"end":{"line":107,"column":5}},"37":{"start":{"line":103,"column":6},"end":{"line":106,"column":9}},"38":{"start":{"line":109,"column":4},"end":{"line":114,"column":5}},"39":{"start":{"line":110,"column":6},"end":{"line":113,"column":9}},"40":{"start":{"line":116,"column":20},"end":{"line":119,"column":6}},"41":{"start":{"line":121,"column":4},"end":{"line":125,"column":7}},"42":{"start":{"line":127,"column":4},"end":{"line":130,"column":7}},"43":{"start":{"line":134,"column":30},"end":{"line":165,"column":1}},"44":{"start":{"line":135,"column":2},"end":{"line":164,"column":3}},"45":{"start":{"line":136,"column":19},"end":{"line":136,"column":29}},"46":{"start":{"line":138,"column":21},"end":{"line":138,"column":48}},"47":{"start":{"line":139,"column":4},"end":{"line":144,"column":5}},"48":{"start":{"line":140,"column":6},"end":{"line":143,"column":9}},"49":{"start":{"line":146,"column":4},"end":{"line":151,"column":5}},"50":{"start":{"line":147,"column":6},"end":{"line":150,"column":9}},"51":{"start":{"line":153,"column":4},"end":{"line":153,"column":41}},"52":{"start":{"line":155,"column":4},"end":{"line":158,"column":7}},"53":{"start":{"line":160,"column":4},"end":{"line":163,"column":7}}},"fnMap":{"0":{"name":"(anonymous_0)","decl":{"start":{"line":4,"column":30},"end":{"line":4,"column":31}},"loc":{"start":{"line":4,"column":50},"end":{"line":54,"column":1}},"line":4},"1":{"name":"(anonymous_1)","decl":{"start":{"line":56,"column":35},"end":{"line":56,"column":36}},"loc":{"start":{"line":56,"column":55},"end":{"line":71,"column":1}},"line":56},"2":{"name":"(anonymous_2)","decl":{"start":{"line":74,"column":39},"end":{"line":74,"column":40}},"loc":{"start":{"line":74,"column":59},"end":{"line":83,"column":1}},"line":74},"3":{"name":"(anonymous_3)","decl":{"start":{"line":86,"column":30},"end":{"line":86,"column":31}},"loc":{"start":{"line":86,"column":51},"end":{"line":95,"column":1}},"line":86},"4":{"name":"(anonymous_4)","decl":{"start":{"line":97,"column":30},"end":{"line":97,"column":31}},"loc":{"start":{"line":97,"column":50},"end":{"line":132,"column":1}},"line":97},"5":{"name":"(anonymous_5)","decl":{"start":{"line":134,"column":30},"end":{"line":134,"column":31}},"loc":{"start":{"line":134,"column":50},"end":{"line":165,"column":1}},"line":134}},"branchMap":{"0":{"loc":{"start":{"line":9,"column":4},"end":{"line":11,"column":5}},"type":"if","locations":[{"start":{"line":9,"column":4},"end":{"line":11,"column":5}},{"start":{},"end":{}}],"line":9},"1":{"loc":{"start":{"line":9,"column":8},"end":{"line":9,"column":67}},"type":"binary-expr","locations":[{"start":{"line":9,"column":8},"end":{"line":9,"column":21}},{"start":{"line":9,"column":25},"end":{"line":9,"column":33}},{"start":{"line":9,"column":37},"end":{"line":9,"column":67}}],"line":9},"2":{"loc":{"start":{"line":14,"column":23},"end":{"line":14,"column":78}},"type":"cond-expr","locations":[{"start":{"line":14,"column":38},"end":{"line":14,"column":71}},{"start":{"line":14,"column":74},"end":{"line":14,"column":78}}],"line":14},"3":{"loc":{"start":{"line":15,"column":4},"end":{"line":20,"column":5}},"type":"if","locations":[{"start":{"line":15,"column":4},"end":{"line":20,"column":5}},{"start":{},"end":{}}],"line":15},"4":{"loc":{"start":{"line":15,"column":8},"end":{"line":15,"column":55}},"type":"binary-expr","locations":[{"start":{"line":15,"column":8},"end":{"line":15,"column":19}},{"start":{"line":15,"column":23},"end":{"line":15,"column":55}}],"line":15},"5":{"loc":{"start":{"line":22,"column":4},"end":{"line":27,"column":5}},"type":"if","locations":[{"start":{"line":22,"column":4},"end":{"line":27,"column":5}},{"start":{},"end":{}}],"line":22},"6":{"loc":{"start":{"line":22,"column":8},"end":{"line":22,"column":82}},"type":"binary-expr","locations":[{"start":{"line":22,"column":8},"end":{"line":22,"column":38}},{"start":{"line":22,"column":42},"end":{"line":22,"column":82}}],"line":22},"7":{"loc":{"start":{"line":102,"column":4},"end":{"line":107,"column":5}},"type":"if","locations":[{"start":{"line":102,"column":4},"end":{"line":107,"column":5}},{"start":{},"end":{}}],"line":102},"8":{"loc":{"start":{"line":109,"column":4},"end":{"line":114,"column":5}},"type":"if","locations":[{"start":{"line":109,"column":4},"end":{"line":114,"column":5}},{"start":{},"end":{}}],"line":109},"9":{"loc":{"start":{"line":109,"column":8},"end":{"line":109,"column":102}},"type":"binary-expr","locations":[{"start":{"line":109,"column":8},"end":{"line":109,"column":38}},{"start":{"line":109,"column":42},"end":{"line":109,"column":102}}],"line":109},"10":{"loc":{"start":{"line":139,"column":4},"end":{"line":144,"column":5}},"type":"if","locations":[{"start":{"line":139,"column":4},"end":{"line":144,"column":5}},{"start":{},"end":{}}],"line":139},"11":{"loc":{"start":{"line":146,"column":4},"end":{"line":151,"column":5}},"type":"if","locations":[{"start":{"line":146,"column":4},"end":{"line":151,"column":5}},{"start":{},"end":{}}],"line":146},"12":{"loc":{"start":{"line":146,"column":8},"end":{"line":146,"column":102}},"type":"binary-expr","locations":[{"start":{"line":146,"column":8},"end":{"line":146,"column":38}},{"start":{"line":146,"column":42},"end":{"line":146,"column":102}}],"line":146}},"s":{"0":5,"1":1,"2":1,"3":1,"4":1,"5":1,"6":1,"7":0,"8":1,"9":0,"10":1,"11":1,"12":1,"13":0,"14":0,"15":5,"16":1,"17":1,"18":1,"19":1,"20":0,"21":5,"22":0,"23":0,"24":0,"25":0,"26":0,"27":5,"28":0,"29":0,"30":0,"31":0,"32":5,"33":0,"34":0,"35":0,"36":0,"37":0,"38":0,"39":0,"40":0,"41":0,"42":0,"43":5,"44":0,"45":0,"46":0,"47":0,"48":0,"49":0,"50":0,"51":0,"52":0,"53":0},"f":{"0":1,"1":1,"2":0,"3":0,"4":0,"5":0},"b":{"0":[1,0],"1":[1,1,1],"2":[1,0],"3":[0,1],"4":[1,1],"5":[0,1],"6":[1,1],"7":[0,0],"8":[0,0],"9":[0,0],"10":[0,0],"11":[0,0],"12":[0,0]},"inputSourceMap":null,"_coverageSchema":"1a1c01bbd47fc00a2c39e90264f33305004495a9","hash":"95d0823ad2cdcfa0fe29ab567bec53d07576e2ad"}
,"/home/rudraksh/Code/Class/SE/SE_Proj1/proj2/Ecobites/server/src/controller/orders.controller.js": {"path":"/home/rudraksh/Code/Class/SE/SE_Proj1/proj2/Ecobites/server/src/controller/orders.controller.js","statementMap":{"0":{"start":{"line":2,"column":42},"end":{"line":104,"column":1}},"1":{"start":{"line":3,"column":2},"end":{"line":103,"column":3}},"2":{"start":{"line":4,"column":47},"end":{"line":4,"column":55}},"3":{"start":{"line":7,"column":27},"end":{"line":7,"column":59}},"4":{"start":{"line":8,"column":20},"end":{"line":8,"column":112}},"5":{"start":{"line":10,"column":4},"end":{"line":12,"column":5}},"6":{"start":{"line":11,"column":6},"end":{"line":11,"column":95}},"7":{"start":{"line":15,"column":4},"end":{"line":15,"column":63}},"8":{"start":{"line":15,"column":34},"end":{"line":15,"column":63}},"9":{"start":{"line":16,"column":25},"end":{"line":27,"column":5}},"10":{"start":{"line":17,"column":6},"end":{"line":17,"column":29}},"11":{"start":{"line":17,"column":17},"end":{"line":17,"column":29}},"12":{"start":{"line":18,"column":6},"end":{"line":20,"column":7}},"13":{"start":{"line":19,"column":8},"end":{"line":19,"column":32}},"14":{"start":{"line":21,"column":55},"end":{"line":21,"column":59}},"15":{"start":{"line":22,"column":26},"end":{"line":22,"column":94}},"16":{"start":{"line":23,"column":19},"end":{"line":23,"column":91}},"17":{"start":{"line":23,"column":63},"end":{"line":23,"column":87}},"18":{"start":{"line":24,"column":18},"end":{"line":24,"column":48}},"19":{"start":{"line":25,"column":18},"end":{"line":25,"column":49}},"20":{"start":{"line":26,"column":6},"end":{"line":26,"column":26}},"21":{"start":{"line":28,"column":4},"end":{"line":31,"column":5}},"22":{"start":{"line":29,"column":6},"end":{"line":29,"column":82}},"23":{"start":{"line":30,"column":6},"end":{"line":30,"column":44}},"24":{"start":{"line":30,"column":12},"end":{"line":30,"column":33}},"25":{"start":{"line":34,"column":19},"end":{"line":38,"column":6}},"26":{"start":{"line":41,"column":6},"end":{"line":41,"column":46}},"27":{"start":{"line":41,"column":30},"end":{"line":41,"column":46}},"28":{"start":{"line":42,"column":16},"end":{"line":42,"column":23}},"29":{"start":{"line":43,"column":20},"end":{"line":43,"column":44}},"30":{"start":{"line":43,"column":27},"end":{"line":43,"column":44}},"31":{"start":{"line":44,"column":19},"end":{"line":44,"column":49}},"32":{"start":{"line":45,"column":19},"end":{"line":45,"column":49}},"33":{"start":{"line":46,"column":16},"end":{"line":48,"column":51}},"34":{"start":{"line":49,"column":16},"end":{"line":49,"column":60}},"35":{"start":{"line":50,"column":6},"end":{"line":50,"column":19}},"36":{"start":{"line":52,"column":25},"end":{"line":65,"column":6}},"37":{"start":{"line":54,"column":6},"end":{"line":54,"column":62}},"38":{"start":{"line":54,"column":49},"end":{"line":54,"column":62}},"39":{"start":{"line":56,"column":6},"end":{"line":56,"column":53}},"40":{"start":{"line":56,"column":30},"end":{"line":56,"column":53}},"41":{"start":{"line":57,"column":6},"end":{"line":61,"column":7}},"42":{"start":{"line":58,"column":8},"end":{"line":58,"column":72}},"43":{"start":{"line":60,"column":8},"end":{"line":60,"column":87}},"44":{"start":{"line":60,"column":14},"end":{"line":60,"column":66}},"45":{"start":{"line":60,"column":67},"end":{"line":60,"column":76}},"46":{"start":{"line":62,"column":19},"end":{"line":62,"column":104}},"47":{"start":{"line":63,"column":23},"end":{"line":63,"column":90}},"48":{"start":{"line":64,"column":6},"end":{"line":64,"column":22}},"49":{"start":{"line":67,"column":4},"end":{"line":69,"column":5}},"50":{"start":{"line":68,"column":6},"end":{"line":68,"column":98}},"51":{"start":{"line":72,"column":28},"end":{"line":72,"column":30}},"52":{"start":{"line":73,"column":28},"end":{"line":73,"column":30}},"53":{"start":{"line":75,"column":20},"end":{"line":75,"column":60}},"54":{"start":{"line":76,"column":22},"end":{"line":76,"column":64}},"55":{"start":{"line":77,"column":19},"end":{"line":77,"column":44}},"56":{"start":{"line":77,"column":38},"end":{"line":77,"column":43}},"57":{"start":{"line":79,"column":4},"end":{"line":92,"column":5}},"58":{"start":{"line":80,"column":6},"end":{"line":80,"column":28}},"59":{"start":{"line":81,"column":6},"end":{"line":81,"column":33}},"60":{"start":{"line":82,"column":6},"end":{"line":82,"column":78}},"61":{"start":{"line":82,"column":42},"end":{"line":82,"column":76}},"62":{"start":{"line":83,"column":6},"end":{"line":83,"column":74}},"63":{"start":{"line":84,"column":6},"end":{"line":84,"column":21}},"64":{"start":{"line":85,"column":6},"end":{"line":85,"column":34}},"65":{"start":{"line":87,"column":25},"end":{"line":87,"column":58}},"66":{"start":{"line":88,"column":6},"end":{"line":91,"column":7}},"67":{"start":{"line":89,"column":8},"end":{"line":89,"column":83}},"68":{"start":{"line":90,"column":8},"end":{"line":90,"column":32}},"69":{"start":{"line":95,"column":4},"end":{"line":99,"column":7}},"70":{"start":{"line":101,"column":4},"end":{"line":101,"column":62}},"71":{"start":{"line":102,"column":4},"end":{"line":102,"column":66}},"72":{"start":{"line":114,"column":2},"end":{"line":130,"column":3}},"73":{"start":{"line":115,"column":18},"end":{"line":115,"column":70}},"74":{"start":{"line":116,"column":16},"end":{"line":116,"column":83}},"75":{"start":{"line":117,"column":21},"end":{"line":120,"column":6}},"76":{"start":{"line":121,"column":4},"end":{"line":125,"column":5}},"77":{"start":{"line":122,"column":27},"end":{"line":122,"column":43}},"78":{"start":{"line":123,"column":21},"end":{"line":123,"column":67}},"79":{"start":{"line":124,"column":6},"end":{"line":124,"column":20}},"80":{"start":{"line":126,"column":4},"end":{"line":126,"column":16}},"81":{"start":{"line":128,"column":4},"end":{"line":128,"column":54}},"82":{"start":{"line":129,"column":4},"end":{"line":129,"column":16}},"83":{"start":{"line":133,"column":27},"end":{"line":253,"column":1}},"84":{"start":{"line":134,"column":2},"end":{"line":252,"column":3}},"85":{"start":{"line":135,"column":152},"end":{"line":135,"column":160}},"86":{"start":{"line":138,"column":4},"end":{"line":143,"column":5}},"87":{"start":{"line":139,"column":6},"end":{"line":142,"column":9}},"88":{"start":{"line":146,"column":4},"end":{"line":148,"column":5}},"89":{"start":{"line":147,"column":6},"end":{"line":147,"column":84}},"90":{"start":{"line":151,"column":24},"end":{"line":151,"column":95}},"91":{"start":{"line":151,"column":43},"end":{"line":151,"column":78}},"92":{"start":{"line":152,"column":22},"end":{"line":152,"column":72}},"93":{"start":{"line":154,"column":4},"end":{"line":156,"column":5}},"94":{"start":{"line":155,"column":6},"end":{"line":155,"column":101}},"95":{"start":{"line":159,"column":34},"end":{"line":159,"column":70}},"96":{"start":{"line":160,"column":4},"end":{"line":164,"column":5}},"97":{"start":{"line":161,"column":6},"end":{"line":163,"column":7}},"98":{"start":{"line":162,"column":8},"end":{"line":162,"column":113}},"99":{"start":{"line":166,"column":18},"end":{"line":175,"column":6}},"100":{"start":{"line":167,"column":17},"end":{"line":167,"column":110}},"101":{"start":{"line":167,"column":37},"end":{"line":167,"column":109}},"102":{"start":{"line":168,"column":18},"end":{"line":168,"column":42}},"103":{"start":{"line":169,"column":6},"end":{"line":174,"column":8}},"104":{"start":{"line":177,"column":21},"end":{"line":177,"column":77}},"105":{"start":{"line":177,"column":45},"end":{"line":177,"column":73}},"106":{"start":{"line":178,"column":24},"end":{"line":178,"column":25}},"107":{"start":{"line":179,"column":16},"end":{"line":179,"column":17}},"108":{"start":{"line":180,"column":18},"end":{"line":180,"column":46}},"109":{"start":{"line":183,"column":25},"end":{"line":183,"column":141}},"110":{"start":{"line":186,"column":30},"end":{"line":188,"column":18}},"111":{"start":{"line":190,"column":26},"end":{"line":198,"column":9}},"112":{"start":{"line":191,"column":17},"end":{"line":191,"column":83}},"113":{"start":{"line":191,"column":37},"end":{"line":191,"column":82}},"114":{"start":{"line":192,"column":18},"end":{"line":192,"column":42}},"115":{"start":{"line":193,"column":6},"end":{"line":196,"column":7}},"116":{"start":{"line":194,"column":20},"end":{"line":194,"column":56}},"117":{"start":{"line":195,"column":8},"end":{"line":195,"column":33}},"118":{"start":{"line":197,"column":6},"end":{"line":197,"column":17}},"119":{"start":{"line":199,"column":28},"end":{"line":199,"column":81}},"120":{"start":{"line":202,"column":33},"end":{"line":202,"column":55}},"121":{"start":{"line":203,"column":4},"end":{"line":224,"column":5}},"122":{"start":{"line":205,"column":6},"end":{"line":205,"column":62}},"123":{"start":{"line":205,"column":35},"end":{"line":205,"column":60}},"124":{"start":{"line":207,"column":26},"end":{"line":211,"column":8}},"125":{"start":{"line":213,"column":6},"end":{"line":223,"column":7}},"126":{"start":{"line":214,"column":8},"end":{"line":214,"column":57}},"127":{"start":{"line":218,"column":28},"end":{"line":218,"column":120}},"128":{"start":{"line":219,"column":21},"end":{"line":219,"column":93}},"129":{"start":{"line":219,"column":65},"end":{"line":219,"column":89}},"130":{"start":{"line":220,"column":20},"end":{"line":220,"column":50}},"131":{"start":{"line":221,"column":20},"end":{"line":221,"column":51}},"132":{"start":{"line":222,"column":8},"end":{"line":222,"column":58}},"133":{"start":{"line":226,"column":18},"end":{"line":240,"column":6}},"134":{"start":{"line":242,"column":4},"end":{"line":242,"column":23}},"135":{"start":{"line":245,"column":4},"end":{"line":245,"column":32}},"136":{"start":{"line":247,"column":4},"end":{"line":247,"column":47}},"137":{"start":{"line":248,"column":4},"end":{"line":251,"column":7}},"138":{"start":{"line":255,"column":31},"end":{"line":314,"column":1}},"139":{"start":{"line":256,"column":2},"end":{"line":313,"column":3}},"140":{"start":{"line":257,"column":29},"end":{"line":257,"column":39}},"141":{"start":{"line":259,"column":4},"end":{"line":264,"column":5}},"142":{"start":{"line":260,"column":6},"end":{"line":263,"column":9}},"143":{"start":{"line":266,"column":14},"end":{"line":266,"column":16}},"144":{"start":{"line":268,"column":4},"end":{"line":274,"column":5}},"145":{"start":{"line":269,"column":6},"end":{"line":269,"column":32}},"146":{"start":{"line":270,"column":11},"end":{"line":274,"column":5}},"147":{"start":{"line":271,"column":6},"end":{"line":271,"column":34}},"148":{"start":{"line":272,"column":11},"end":{"line":274,"column":5}},"149":{"start":{"line":273,"column":6},"end":{"line":273,"column":30}},"150":{"start":{"line":276,"column":12},"end":{"line":276,"column":53}},"151":{"start":{"line":279,"column":4},"end":{"line":283,"column":5}},"152":{"start":{"line":280,"column":6},"end":{"line":282,"column":72}},"153":{"start":{"line":285,"column":18},"end":{"line":285,"column":32}},"154":{"start":{"line":288,"column":19},"end":{"line":303,"column":6}},"155":{"start":{"line":289,"column":18},"end":{"line":289,"column":47}},"156":{"start":{"line":290,"column":6},"end":{"line":294,"column":7}},"157":{"start":{"line":291,"column":8},"end":{"line":291,"column":88}},"158":{"start":{"line":292,"column":8},"end":{"line":292,"column":61}},"159":{"start":{"line":293,"column":8},"end":{"line":293,"column":101}},"160":{"start":{"line":295,"column":6},"end":{"line":301,"column":7}},"161":{"start":{"line":296,"column":8},"end":{"line":296,"column":53}},"162":{"start":{"line":297,"column":8},"end":{"line":297,"column":55}},"163":{"start":{"line":299,"column":8},"end":{"line":299,"column":105}},"164":{"start":{"line":299,"column":60},"end":{"line":299,"column":105}},"165":{"start":{"line":300,"column":8},"end":{"line":300,"column":93}},"166":{"start":{"line":302,"column":6},"end":{"line":302,"column":17}},"167":{"start":{"line":306,"column":4},"end":{"line":306,"column":21}},"168":{"start":{"line":308,"column":4},"end":{"line":308,"column":53}},"169":{"start":{"line":309,"column":4},"end":{"line":312,"column":7}},"170":{"start":{"line":316,"column":28},"end":{"line":338,"column":1}},"171":{"start":{"line":317,"column":2},"end":{"line":337,"column":3}},"172":{"start":{"line":318,"column":24},"end":{"line":318,"column":34}},"173":{"start":{"line":320,"column":18},"end":{"line":320,"column":47}},"174":{"start":{"line":322,"column":4},"end":{"line":327,"column":5}},"175":{"start":{"line":323,"column":6},"end":{"line":326,"column":9}},"176":{"start":{"line":330,"column":4},"end":{"line":330,"column":20}},"177":{"start":{"line":332,"column":4},"end":{"line":332,"column":53}},"178":{"start":{"line":333,"column":4},"end":{"line":336,"column":7}},"179":{"start":{"line":340,"column":33},"end":{"line":444,"column":1}},"180":{"start":{"line":341,"column":2},"end":{"line":443,"column":3}},"181":{"start":{"line":342,"column":24},"end":{"line":342,"column":34}},"182":{"start":{"line":343,"column":33},"end":{"line":343,"column":41}},"183":{"start":{"line":345,"column":18},"end":{"line":345,"column":47}},"184":{"start":{"line":346,"column":4},"end":{"line":351,"column":5}},"185":{"start":{"line":347,"column":6},"end":{"line":350,"column":9}},"186":{"start":{"line":354,"column":4},"end":{"line":359,"column":5}},"187":{"start":{"line":355,"column":6},"end":{"line":358,"column":9}},"188":{"start":{"line":361,"column":4},"end":{"line":367,"column":5}},"189":{"start":{"line":363,"column":6},"end":{"line":366,"column":9}},"190":{"start":{"line":369,"column":4},"end":{"line":375,"column":5}},"191":{"start":{"line":371,"column":6},"end":{"line":374,"column":9}},"192":{"start":{"line":377,"column":4},"end":{"line":377,"column":26}},"193":{"start":{"line":378,"column":4},"end":{"line":381,"column":7}},"194":{"start":{"line":383,"column":4},"end":{"line":385,"column":5}},"195":{"start":{"line":384,"column":6},"end":{"line":384,"column":32}},"196":{"start":{"line":387,"column":4},"end":{"line":437,"column":5}},"197":{"start":{"line":389,"column":6},"end":{"line":400,"column":7}},"198":{"start":{"line":390,"column":8},"end":{"line":390,"column":45}},"199":{"start":{"line":391,"column":8},"end":{"line":391,"column":48}},"200":{"start":{"line":393,"column":8},"end":{"line":396,"column":11}},"201":{"start":{"line":395,"column":25},"end":{"line":395,"column":43}},"202":{"start":{"line":399,"column":8},"end":{"line":399,"column":39}},"203":{"start":{"line":403,"column":6},"end":{"line":413,"column":7}},"204":{"start":{"line":404,"column":23},"end":{"line":404,"column":58}},"205":{"start":{"line":405,"column":8},"end":{"line":412,"column":9}},"206":{"start":{"line":406,"column":28},"end":{"line":406,"column":72}},"207":{"start":{"line":407,"column":10},"end":{"line":411,"column":11}},"208":{"start":{"line":408,"column":12},"end":{"line":408,"column":96}},"209":{"start":{"line":409,"column":12},"end":{"line":409,"column":49}},"210":{"start":{"line":410,"column":12},"end":{"line":410,"column":46}},"211":{"start":{"line":414,"column":6},"end":{"line":414,"column":25}},"212":{"start":{"line":418,"column":6},"end":{"line":430,"column":7}},"213":{"start":{"line":419,"column":23},"end":{"line":423,"column":10}},"214":{"start":{"line":424,"column":8},"end":{"line":429,"column":9}},"215":{"start":{"line":425,"column":10},"end":{"line":425,"column":36}},"216":{"start":{"line":426,"column":10},"end":{"line":426,"column":43}},"217":{"start":{"line":427,"column":10},"end":{"line":427,"column":92}},"218":{"start":{"line":428,"column":10},"end":{"line":428,"column":29}},"219":{"start":{"line":433,"column":6},"end":{"line":433,"column":22}},"220":{"start":{"line":435,"column":6},"end":{"line":435,"column":64}},"221":{"start":{"line":436,"column":6},"end":{"line":436,"column":22}},"222":{"start":{"line":439,"column":4},"end":{"line":442,"column":7}},"223":{"start":{"line":446,"column":44},"end":{"line":488,"column":1}},"224":{"start":{"line":447,"column":2},"end":{"line":487,"column":3}},"225":{"start":{"line":448,"column":4},"end":{"line":453,"column":5}},"226":{"start":{"line":449,"column":6},"end":{"line":452,"column":9}},"227":{"start":{"line":456,"column":18},"end":{"line":462,"column":69}},"228":{"start":{"line":465,"column":19},"end":{"line":479,"column":6}},"229":{"start":{"line":466,"column":18},"end":{"line":466,"column":47}},"230":{"start":{"line":467,"column":6},"end":{"line":471,"column":7}},"231":{"start":{"line":468,"column":8},"end":{"line":468,"column":88}},"232":{"start":{"line":469,"column":8},"end":{"line":469,"column":61}},"233":{"start":{"line":470,"column":8},"end":{"line":470,"column":101}},"234":{"start":{"line":472,"column":6},"end":{"line":477,"column":7}},"235":{"start":{"line":473,"column":8},"end":{"line":473,"column":53}},"236":{"start":{"line":474,"column":8},"end":{"line":474,"column":55}},"237":{"start":{"line":475,"column":8},"end":{"line":475,"column":105}},"238":{"start":{"line":475,"column":60},"end":{"line":475,"column":105}},"239":{"start":{"line":476,"column":8},"end":{"line":476,"column":93}},"240":{"start":{"line":478,"column":6},"end":{"line":478,"column":17}},"241":{"start":{"line":481,"column":4},"end":{"line":481,"column":21}},"242":{"start":{"line":483,"column":4},"end":{"line":486,"column":7}}},"fnMap":{"0":{"name":"(anonymous_0)","decl":{"start":{"line":2,"column":42},"end":{"line":2,"column":43}},"loc":{"start":{"line":2,"column":62},"end":{"line":104,"column":1}},"line":2},"1":{"name":"(anonymous_1)","decl":{"start":{"line":16,"column":25},"end":{"line":16,"column":26}},"loc":{"start":{"line":16,"column":35},"end":{"line":27,"column":5}},"line":16},"2":{"name":"(anonymous_2)","decl":{"start":{"line":23,"column":48},"end":{"line":23,"column":49}},"loc":{"start":{"line":23,"column":63},"end":{"line":23,"column":87}},"line":23},"3":{"name":"getDistanceMeters","decl":{"start":{"line":40,"column":13},"end":{"line":40,"column":30}},"loc":{"start":{"line":40,"column":47},"end":{"line":51,"column":5}},"line":40},"4":{"name":"(anonymous_4)","decl":{"start":{"line":43,"column":20},"end":{"line":43,"column":21}},"loc":{"start":{"line":43,"column":27},"end":{"line":43,"column":44}},"line":43},"5":{"name":"(anonymous_5)","decl":{"start":{"line":52,"column":39},"end":{"line":52,"column":40}},"loc":{"start":{"line":52,"column":44},"end":{"line":65,"column":5}},"line":52},"6":{"name":"(anonymous_6)","decl":{"start":{"line":77,"column":33},"end":{"line":77,"column":34}},"loc":{"start":{"line":77,"column":38},"end":{"line":77,"column":43}},"line":77},"7":{"name":"(anonymous_7)","decl":{"start":{"line":82,"column":36},"end":{"line":82,"column":37}},"loc":{"start":{"line":82,"column":42},"end":{"line":82,"column":76}},"line":82},"8":{"name":"geocodeAddress","decl":{"start":{"line":113,"column":15},"end":{"line":113,"column":29}},"loc":{"start":{"line":113,"column":57},"end":{"line":131,"column":1}},"line":113},"9":{"name":"(anonymous_9)","decl":{"start":{"line":133,"column":27},"end":{"line":133,"column":28}},"loc":{"start":{"line":133,"column":47},"end":{"line":253,"column":1}},"line":133},"10":{"name":"(anonymous_10)","decl":{"start":{"line":151,"column":38},"end":{"line":151,"column":39}},"loc":{"start":{"line":151,"column":43},"end":{"line":151,"column":78}},"line":151},"11":{"name":"(anonymous_11)","decl":{"start":{"line":166,"column":32},"end":{"line":166,"column":33}},"loc":{"start":{"line":166,"column":38},"end":{"line":175,"column":5}},"line":166},"12":{"name":"(anonymous_12)","decl":{"start":{"line":167,"column":32},"end":{"line":167,"column":33}},"loc":{"start":{"line":167,"column":37},"end":{"line":167,"column":109}},"line":167},"13":{"name":"(anonymous_13)","decl":{"start":{"line":177,"column":34},"end":{"line":177,"column":35}},"loc":{"start":{"line":177,"column":45},"end":{"line":177,"column":73}},"line":177},"14":{"name":"(anonymous_14)","decl":{"start":{"line":190,"column":39},"end":{"line":190,"column":40}},"loc":{"start":{"line":190,"column":52},"end":{"line":198,"column":5}},"line":190},"15":{"name":"(anonymous_15)","decl":{"start":{"line":191,"column":32},"end":{"line":191,"column":33}},"loc":{"start":{"line":191,"column":37},"end":{"line":191,"column":82}},"line":191},"16":{"name":"(anonymous_16)","decl":{"start":{"line":205,"column":24},"end":{"line":205,"column":25}},"loc":{"start":{"line":205,"column":35},"end":{"line":205,"column":60}},"line":205},"17":{"name":"(anonymous_17)","decl":{"start":{"line":219,"column":50},"end":{"line":219,"column":51}},"loc":{"start":{"line":219,"column":65},"end":{"line":219,"column":89}},"line":219},"18":{"name":"(anonymous_18)","decl":{"start":{"line":255,"column":31},"end":{"line":255,"column":32}},"loc":{"start":{"line":255,"column":51},"end":{"line":314,"column":1}},"line":255},"19":{"name":"(anonymous_19)","decl":{"start":{"line":288,"column":29},"end":{"line":288,"column":30}},"loc":{"start":{"line":288,"column":36},"end":{"line":303,"column":5}},"line":288},"20":{"name":"(anonymous_20)","decl":{"start":{"line":316,"column":28},"end":{"line":316,"column":29}},"loc":{"start":{"line":316,"column":48},"end":{"line":338,"column":1}},"line":316},"21":{"name":"(anonymous_21)","decl":{"start":{"line":340,"column":33},"end":{"line":340,"column":34}},"loc":{"start":{"line":340,"column":53},"end":{"line":444,"column":1}},"line":340},"22":{"name":"(anonymous_22)","decl":{"start":{"line":394,"column":16},"end":{"line":394,"column":17}},"loc":{"start":{"line":394,"column":22},"end":{"line":394,"column":24}},"line":394},"23":{"name":"(anonymous_23)","decl":{"start":{"line":395,"column":18},"end":{"line":395,"column":19}},"loc":{"start":{"line":395,"column":25},"end":{"line":395,"column":43}},"line":395},"24":{"name":"(anonymous_24)","decl":{"start":{"line":395,"column":33},"end":{"line":395,"column":34}},"loc":{"start":{"line":395,"column":39},"end":{"line":395,"column":41}},"line":395},"25":{"name":"(anonymous_25)","decl":{"start":{"line":446,"column":44},"end":{"line":446,"column":45}},"loc":{"start":{"line":446,"column":64},"end":{"line":488,"column":1}},"line":446},"26":{"name":"(anonymous_26)","decl":{"start":{"line":465,"column":29},"end":{"line":465,"column":30}},"loc":{"start":{"line":465,"column":36},"end":{"line":479,"column":5}},"line":465}},"branchMap":{"0":{"loc":{"start":{"line":4,"column":24},"end":{"line":4,"column":42}},"type":"default-arg","locations":[{"start":{"line":4,"column":39},"end":{"line":4,"column":42}}],"line":4},"1":{"loc":{"start":{"line":10,"column":4},"end":{"line":12,"column":5}},"type":"if","locations":[{"start":{"line":10,"column":4},"end":{"line":12,"column":5}},{"start":{},"end":{}}],"line":10},"2":{"loc":{"start":{"line":15,"column":4},"end":{"line":15,"column":63}},"type":"if","locations":[{"start":{"line":15,"column":4},"end":{"line":15,"column":63}},{"start":{},"end":{}}],"line":15},"3":{"loc":{"start":{"line":17,"column":6},"end":{"line":17,"column":29}},"type":"if","locations":[{"start":{"line":17,"column":6},"end":{"line":17,"column":29}},{"start":{},"end":{}}],"line":17},"4":{"loc":{"start":{"line":18,"column":6},"end":{"line":20,"column":7}},"type":"if","locations":[{"start":{"line":18,"column":6},"end":{"line":20,"column":7}},{"start":{},"end":{}}],"line":18},"5":{"loc":{"start":{"line":18,"column":10},"end":{"line":18,"column":114}},"type":"binary-expr","locations":[{"start":{"line":18,"column":10},"end":{"line":18,"column":26}},{"start":{"line":18,"column":30},"end":{"line":18,"column":70}},{"start":{"line":18,"column":74},"end":{"line":18,"column":114}}],"line":18},"6":{"loc":{"start":{"line":21,"column":14},"end":{"line":21,"column":25}},"type":"default-arg","locations":[{"start":{"line":21,"column":23},"end":{"line":21,"column":25}}],"line":21},"7":{"loc":{"start":{"line":21,"column":27},"end":{"line":21,"column":36}},"type":"default-arg","locations":[{"start":{"line":21,"column":34},"end":{"line":21,"column":36}}],"line":21},"8":{"loc":{"start":{"line":21,"column":38},"end":{"line":21,"column":50}},"type":"default-arg","locations":[{"start":{"line":21,"column":48},"end":{"line":21,"column":50}}],"line":21},"9":{"loc":{"start":{"line":28,"column":4},"end":{"line":31,"column":5}},"type":"if","locations":[{"start":{"line":28,"column":4},"end":{"line":31,"column":5}},{"start":{},"end":{}}],"line":28},"10":{"loc":{"start":{"line":41,"column":6},"end":{"line":41,"column":46}},"type":"if","locations":[{"start":{"line":41,"column":6},"end":{"line":41,"column":46}},{"start":{},"end":{}}],"line":41},"11":{"loc":{"start":{"line":41,"column":10},"end":{"line":41,"column":28}},"type":"binary-expr","locations":[{"start":{"line":41,"column":10},"end":{"line":41,"column":17}},{"start":{"line":41,"column":21},"end":{"line":41,"column":28}}],"line":41},"12":{"loc":{"start":{"line":54,"column":6},"end":{"line":54,"column":62}},"type":"if","locations":[{"start":{"line":54,"column":6},"end":{"line":54,"column":62}},{"start":{},"end":{}}],"line":54},"13":{"loc":{"start":{"line":56,"column":6},"end":{"line":56,"column":53}},"type":"if","locations":[{"start":{"line":56,"column":6},"end":{"line":56,"column":53}},{"start":{},"end":{}}],"line":56},"14":{"loc":{"start":{"line":57,"column":6},"end":{"line":61,"column":7}},"type":"if","locations":[{"start":{"line":57,"column":6},"end":{"line":61,"column":7}},{"start":{},"end":{}}],"line":57},"15":{"loc":{"start":{"line":60,"column":14},"end":{"line":60,"column":65}},"type":"binary-expr","locations":[{"start":{"line":60,"column":14},"end":{"line":60,"column":28}},{"start":{"line":60,"column":32},"end":{"line":60,"column":65}}],"line":60},"16":{"loc":{"start":{"line":63,"column":23},"end":{"line":63,"column":90}},"type":"binary-expr","locations":[{"start":{"line":63,"column":23},"end":{"line":63,"column":43}},{"start":{"line":63,"column":47},"end":{"line":63,"column":90}}],"line":63},"17":{"loc":{"start":{"line":67,"column":4},"end":{"line":69,"column":5}},"type":"if","locations":[{"start":{"line":67,"column":4},"end":{"line":69,"column":5}},{"start":{},"end":{}}],"line":67},"18":{"loc":{"start":{"line":88,"column":6},"end":{"line":91,"column":7}},"type":"if","locations":[{"start":{"line":88,"column":6},"end":{"line":91,"column":7}},{"start":{},"end":{}}],"line":88},"19":{"loc":{"start":{"line":89,"column":35},"end":{"line":89,"column":63}},"type":"binary-expr","locations":[{"start":{"line":89,"column":35},"end":{"line":89,"column":58}},{"start":{"line":89,"column":62},"end":{"line":89,"column":63}}],"line":89},"20":{"loc":{"start":{"line":121,"column":4},"end":{"line":125,"column":5}},"type":"if","locations":[{"start":{"line":121,"column":4},"end":{"line":125,"column":5}},{"start":{},"end":{}}],"line":121},"21":{"loc":{"start":{"line":121,"column":8},"end":{"line":121,"column":49}},"type":"binary-expr","locations":[{"start":{"line":121,"column":8},"end":{"line":121,"column":21}},{"start":{"line":121,"column":25},"end":{"line":121,"column":49}}],"line":121},"22":{"loc":{"start":{"line":138,"column":4},"end":{"line":143,"column":5}},"type":"if","locations":[{"start":{"line":138,"column":4},"end":{"line":143,"column":5}},{"start":{},"end":{}}],"line":138},"23":{"loc":{"start":{"line":138,"column":8},"end":{"line":138,"column":111}},"type":"binary-expr","locations":[{"start":{"line":138,"column":8},"end":{"line":138,"column":36}},{"start":{"line":138,"column":40},"end":{"line":138,"column":111}}],"line":138},"24":{"loc":{"start":{"line":138,"column":69},"end":{"line":138,"column":110}},"type":"binary-expr","locations":[{"start":{"line":138,"column":69},"end":{"line":138,"column":83}},{"start":{"line":138,"column":87},"end":{"line":138,"column":110}}],"line":138},"25":{"loc":{"start":{"line":146,"column":4},"end":{"line":148,"column":5}},"type":"if","locations":[{"start":{"line":146,"column":4},"end":{"line":148,"column":5}},{"start":{},"end":{}}],"line":146},"26":{"loc":{"start":{"line":146,"column":8},"end":{"line":146,"column":59}},"type":"binary-expr","locations":[{"start":{"line":146,"column":8},"end":{"line":146,"column":33}},{"start":{"line":146,"column":37},"end":{"line":146,"column":59}}],"line":146},"27":{"loc":{"start":{"line":151,"column":43},"end":{"line":151,"column":78}},"type":"binary-expr","locations":[{"start":{"line":151,"column":43},"end":{"line":151,"column":55}},{"start":{"line":151,"column":59},"end":{"line":151,"column":69}},{"start":{"line":151,"column":73},"end":{"line":151
[...]
n":30},"end":{"line":7,"column":54}}],"line":7},"2":{"loc":{"start":{"line":9,"column":2},"end":{"line":11,"column":3}},"type":"if","locations":[{"start":{"line":9,"column":2},"end":{"line":11,"column":3}},{"start":{},"end":{}}],"line":9},"3":{"loc":{"start":{"line":14,"column":4},"end":{"line":16,"column":5}},"type":"if","locations":[{"start":{"line":14,"column":4},"end":{"line":16,"column":5}},{"start":{},"end":{}}],"line":14},"4":{"loc":{"start":{"line":27,"column":4},"end":{"line":29,"column":5}},"type":"if","locations":[{"start":{"line":27,"column":4},"end":{"line":29,"column":5}},{"start":{},"end":{}}],"line":27},"5":{"loc":{"start":{"line":46,"column":4},"end":{"line":52,"column":5}},"type":"if","locations":[{"start":{"line":46,"column":4},"end":{"line":52,"column":5}},{"start":{"line":50,"column":9},"end":{"line":52,"column":5}}],"line":46},"6":{"loc":{"start":{"line":46,"column":8},"end":{"line":46,"column":40}},"type":"binary-expr","locations":[{"start":{"line":46,"column":8},"end":{"line":46,"column":19}},{"start":{"line":46,"column":23},"end":{"line":46,"column":40}}],"line":46},"7":{"loc":{"start":{"line":50,"column":9},"end":{"line":52,"column":5}},"type":"if","locations":[{"start":{"line":50,"column":9},"end":{"line":52,"column":5}},{"start":{},"end":{}}],"line":50},"8":{"loc":{"start":{"line":50,"column":13},"end":{"line":50,"column":88}},"type":"binary-expr","locations":[{"start":{"line":50,"column":13},"end":{"line":50,"column":38}},{"start":{"line":50,"column":42},"end":{"line":50,"column":88}}],"line":50},"9":{"loc":{"start":{"line":54,"column":4},"end":{"line":59,"column":5}},"type":"if","locations":[{"start":{"line":54,"column":4},"end":{"line":59,"column":5}},{"start":{},"end":{}}],"line":54},"10":{"loc":{"start":{"line":64,"column":4},"end":{"line":69,"column":5}},"type":"if","locations":[{"start":{"line":64,"column":4},"end":{"line":69,"column":5}},{"start":{},"end":{}}],"line":64},"11":{"loc":{"start":{"line":82,"column":4},"end":{"line":87,"column":5}},"type":"if","locations":[{"start":{"line":82,"column":4},"end":{"line":87,"column":5}},{"start":{},"end":{}}],"line":82}},"s":{"0":5,"1":5,"2":0,"3":0,"4":0,"5":0,"6":0,"7":0,"8":0,"9":0,"10":0,"11":5,"12":0,"13":0,"14":0,"15":0,"16":5,"17":42,"18":42,"19":41,"20":1,"21":0,"22":42,"23":1,"24":41,"25":41,"26":41,"27":0,"28":41,"29":0,"30":5,"31":40,"32":1,"33":0,"34":1},"f":{"0":0,"1":0,"2":0,"3":0,"4":42,"5":40,"6":1},"b":{"0":[5,5],"1":[0,0],"2":[0,0],"3":[0,0],"4":[0,0],"5":[41,1],"6":[42,42],"7":[0,1],"8":[1,0],"9":[1,41],"10":[0,41],"11":[0,1]},"inputSourceMap":null,"_coverageSchema":"1a1c01bbd47fc00a2c39e90264f33305004495a9","hash":"42a1c4571ea263b07587d3e93985bfdc0c49eb1f"}
,"/home/rudraksh/Code/Class/SE/SE_Proj1/proj2/Ecobites/server/src/models/Bid.model.js": {"path":"/home/rudraksh/Code/Class/SE/SE_Proj1/proj2/Ecobites/server/src/models/Bid.model.js","statementMap":{"0":{"start":{"line":3,"column":18},"end":{"line":50,"column":2}},"1":{"start":{"line":53,"column":0},"end":{"line":53,"column":43}},"2":{"start":{"line":54,"column":0},"end":{"line":54,"column":44}},"3":{"start":{"line":55,"column":0},"end":{"line":55,"column":34}},"4":{"start":{"line":57,"column":19},"end":{"line":57,"column":51}}},"fnMap":{},"branchMap":{},"s":{"0":5,"1":5,"2":5,"3":5,"4":5},"f":{},"b":{},"inputSourceMap":null,"_coverageSchema":"1a1c01bbd47fc00a2c39e90264f33305004495a9","hash":"6f403826f6252d393d2f6e7cbb91a59a48064072"}
,"/home/rudraksh/Code/Class/SE/SE_Proj1/proj2/Ecobites/server/src/models/MenuItem.model.js": {"path":"/home/rudraksh/Code/Class/SE/SE_Proj1/proj2/Ecobites/server/src/models/MenuItem.model.js","statementMap":{"0":{"start":{"line":2,"column":23},"end":{"line":58,"column":2}},"1":{"start":{"line":60,"column":24},"end":{"line":60,"column":66}}},"fnMap":{},"branchMap":{},"s":{"0":5,"1":5},"f":{},"b":{},"inputSourceMap":null,"_coverageSchema":"1a1c01bbd47fc00a2c39e90264f33305004495a9","hash":"c94ca34af105d0d86955b3b095c55f99f332ee1a"}
,"/home/rudraksh/Code/Class/SE/SE_Proj1/proj2/Ecobites/server/src/models/Order.model.js": {"path":"/home/rudraksh/Code/Class/SE/SE_Proj1/proj2/Ecobites/server/src/models/Order.model.js","statementMap":{"0":{"start":{"line":3,"column":20},"end":{"line":155,"column":2}},"1":{"start":{"line":158,"column":0},"end":{"line":164,"column":3}},"2":{"start":{"line":159,"column":2},"end":{"line":162,"column":3}},"3":{"start":{"line":160,"column":18},"end":{"line":160,"column":64}},"4":{"start":{"line":161,"column":4},"end":{"line":161,"column":66}},"5":{"start":{"line":163,"column":2},"end":{"line":163,"column":9}},"6":{"start":{"line":166,"column":21},"end":{"line":166,"column":57}}},"fnMap":{"0":{"name":"(anonymous_0)","decl":{"start":{"line":158,"column":28},"end":{"line":158,"column":29}},"loc":{"start":{"line":158,"column":49},"end":{"line":164,"column":1}},"line":158}},"branchMap":{"0":{"loc":{"start":{"line":159,"column":2},"end":{"line":162,"column":3}},"type":"if","locations":[{"start":{"line":159,"column":2},"end":{"line":162,"column":3}},{"start":{},"end":{}}],"line":159},"1":{"loc":{"start":{"line":159,"column":6},"end":{"line":159,"column":37}},"type":"binary-expr","locations":[{"start":{"line":159,"column":6},"end":{"line":159,"column":16}},{"start":{"line":159,"column":20},"end":{"line":159,"column":37}}],"line":159}},"s":{"0":5,"1":5,"2":64,"3":41,"4":41,"5":64,"6":5},"f":{"0":64},"b":{"0":[41,23],"1":[64,41]},"inputSourceMap":null,"_coverageSchema":"1a1c01bbd47fc00a2c39e90264f33305004495a9","hash":"2fd9135729882fc6102282b735895848a9960cd6"}
,"/home/rudraksh/Code/Class/SE/SE_Proj1/proj2/Ecobites/server/src/models/Review.model.js": {"path":"/home/rudraksh/Code/Class/SE/SE_Proj1/proj2/Ecobites/server/src/models/Review.model.js","statementMap":{"0":{"start":{"line":3,"column":21},"end":{"line":97,"column":2}},"1":{"start":{"line":100,"column":0},"end":{"line":100,"column":73}},"2":{"start":{"line":103,"column":0},"end":{"line":103,"column":51}},"3":{"start":{"line":106,"column":0},"end":{"line":121,"column":3}},"4":{"start":{"line":107,"column":2},"end":{"line":119,"column":3}},"5":{"start":{"line":108,"column":18},"end":{"line":108,"column":41}},"6":{"start":{"line":109,"column":18},"end":{"line":114,"column":6}},"7":{"start":{"line":116,"column":4},"end":{"line":118,"column":5}},"8":{"start":{"line":117,"column":6},"end":{"line":117,"column":27}},"9":{"start":{"line":120,"column":2},"end":{"line":120,"column":9}},"10":{"start":{"line":124,"column":0},"end":{"line":189,"column":2}},"11":{"start":{"line":125,"column":16},"end":{"line":155,"column":4}},"12":{"start":{"line":157,"column":2},"end":{"line":186,"column":3}},"13":{"start":{"line":158,"column":17},"end":{"line":158,"column":39}},"14":{"start":{"line":159,"column":4},"end":{"line":175,"column":7}},"15":{"start":{"line":178,"column":17},"end":{"line":178,"column":39}},"16":{"start":{"line":179,"column":4},"end":{"line":185,"column":7}},"17":{"start":{"line":188,"column":2},"end":{"line":188,"column":44}},"18":{"start":{"line":192,"column":0},"end":{"line":199,"column":2}},"19":{"start":{"line":193,"column":2},"end":{"line":197,"column":3}},"20":{"start":{"line":194,"column":4},"end":{"line":194,"column":32}},"21":{"start":{"line":195,"column":4},"end":{"line":195,"column":46}},"22":{"start":{"line":196,"column":4},"end":{"line":196,"column":22}},"23":{"start":{"line":198,"column":2},"end":{"line":198,"column":14}},"24":{"start":{"line":202,"column":0},"end":{"line":210,"column":2}},"25":{"start":{"line":203,"column":16},"end":{"line":203,"column":46}},"26":{"start":{"line":204,"column":2},"end":{"line":208,"column":3}},"27":{"start":{"line":205,"column":4},"end":{"line":205,"column":36}},"28":{"start":{"line":206,"column":4},"end":{"line":206,"column":46}},"29":{"start":{"line":207,"column":4},"end":{"line":207,"column":22}},"30":{"start":{"line":209,"column":2},"end":{"line":209,"column":14}},"31":{"start":{"line":212,"column":22},"end":{"line":212,"column":60}}},"fnMap":{"0":{"name":"(anonymous_0)","decl":{"start":{"line":106,"column":25},"end":{"line":106,"column":26}},"loc":{"start":{"line":106,"column":46},"end":{"line":121,"column":1}},"line":106},"1":{"name":"(anonymous_1)","decl":{"start":{"line":124,"column":46},"end":{"line":124,"column":47}},"loc":{"start":{"line":124,"column":75},"end":{"line":189,"column":1}},"line":124},"2":{"name":"(anonymous_2)","decl":{"start":{"line":192,"column":35},"end":{"line":192,"column":36}},"loc":{"start":{"line":192,"column":58},"end":{"line":199,"column":1}},"line":192},"3":{"name":"(anonymous_3)","decl":{"start":{"line":202,"column":37},"end":{"line":202,"column":38}},"loc":{"start":{"line":202,"column":60},"end":{"line":210,"column":1}},"line":202}},"branchMap":{"0":{"loc":{"start":{"line":107,"column":2},"end":{"line":119,"column":3}},"type":"if","locations":[{"start":{"line":107,"column":2},"end":{"line":119,"column":3}},{"start":{},"end":{}}],"line":107},"1":{"loc":{"start":{"line":107,"column":6},"end":{"line":107,"column":32}},"type":"binary-expr","locations":[{"start":{"line":107,"column":6},"end":{"line":107,"column":16}},{"start":{"line":107,"column":20},"end":{"line":107,"column":32}}],"line":107},"2":{"loc":{"start":{"line":116,"column":4},"end":{"line":118,"column":5}},"type":"if","locations":[{"start":{"line":116,"column":4},"end":{"line":118,"column":5}},{"start":{},"end":{}}],"line":116},"3":{"loc":{"start":{"line":157,"column":2},"end":{"line":186,"column":3}},"type":"if","locations":[{"start":{"line":157,"column":2},"end":{"line":186,"column":3}},{"start":{"line":176,"column":9},"end":{"line":186,"column":3}}],"line":157},"4":{"loc":{"start":{"line":170,"column":14},"end":{"line":170,"column":78}},"type":"cond-expr","locations":[{"start":{"line":170,"column":33},"end":{"line":170,"column":71}},{"start":{"line":170,"column":74},"end":{"line":170,"column":78}}],"line":170},"5":{"loc":{"start":{"line":171,"column":17},"end":{"line":171,"column":87}},"type":"cond-expr","locations":[{"start":{"line":171,"column":39},"end":{"line":171,"column":80}},{"start":{"line":171,"column":83},"end":{"line":171,"column":87}}],"line":171},"6":{"loc":{"start":{"line":172,"column":18},"end":{"line":172,"column":90}},"type":"cond-expr","locations":[{"start":{"line":172,"column":41},"end":{"line":172,"column":83}},{"start":{"line":172,"column":86},"end":{"line":172,"column":90}}],"line":172},"7":{"loc":{"start":{"line":173,"column":15},"end":{"line":173,"column":81}},"type":"cond-expr","locations":[{"start":{"line":173,"column":35},"end":{"line":173,"column":74}},{"start":{"line":173,"column":77},"end":{"line":173,"column":81}}],"line":173},"8":{"loc":{"start":{"line":188,"column":9},"end":{"line":188,"column":43}},"type":"cond-expr","locations":[{"start":{"line":188,"column":28},"end":{"line":188,"column":36}},{"start":{"line":188,"column":39},"end":{"line":188,"column":43}}],"line":188},"9":{"loc":{"start":{"line":193,"column":2},"end":{"line":197,"column":3}},"type":"if","locations":[{"start":{"line":193,"column":2},"end":{"line":197,"column":3}},{"start":{},"end":{}}],"line":193},"10":{"loc":{"start":{"line":204,"column":2},"end":{"line":208,"column":3}},"type":"if","locations":[{"start":{"line":204,"column":2},"end":{"line":208,"column":3}},{"start":{},"end":{}}],"line":204}},"s":{"0":5,"1":5,"2":5,"3":5,"4":0,"5":0,"6":0,"7":0,"8":0,"9":0,"10":5,"11":0,"12":0,"13":0,"14":0,"15":0,"16":0,"17":0,"18":5,"19":0,"20":0,"21":0,"22":0,"23":0,"24":5,"25":0,"26":0,"27":0,"28":0,"29":0,"30":0,"31":5},"f":{"0":0,"1":0,"2":0,"3":0},"b":{"0":[0,0],"1":[0,0],"2":[0,0],"3":[0,0],"4":[0,0],"5":[0,0],"6":[0,0],"7":[0,0],"8":[0,0],"9":[0,0],"10":[0,0]},"inputSourceMap":null,"_coverageSchema":"1a1c01bbd47fc00a2c39e90264f33305004495a9","hash":"21fd7f212baff2faf3203084b8fc60cca00f99a2"}
,"/home/rudraksh/Code/Class/SE/SE_Proj1/proj2/Ecobites/server/src/models/User.model.js": {"path":"/home/rudraksh/Code/Class/SE/SE_Proj1/proj2/Ecobites/server/src/models/User.model.js","statementMap":{"0":{"start":{"line":4,"column":19},"end":{"line":92,"column":2}},"1":{"start":{"line":97,"column":0},"end":{"line":102,"column":3}},"2":{"start":{"line":98,"column":2},"end":{"line":98,"column":50}},"3":{"start":{"line":98,"column":36},"end":{"line":98,"column":50}},"4":{"start":{"line":99,"column":15},"end":{"line":99,"column":39}},"5":{"start":{"line":100,"column":2},"end":{"line":100,"column":57}},"6":{"start":{"line":101,"column":2},"end":{"line":101,"column":9}},"7":{"start":{"line":105,"column":0},"end":{"line":107,"column":2}},"8":{"start":{"line":106,"column":2},"end":{"line":106,"column":62}},"9":{"start":{"line":109,"column":20},"end":{"line":109,"column":54}}},"fnMap":{"0":{"name":"(anonymous_0)","decl":{"start":{"line":97,"column":23},"end":{"line":97,"column":24}},"loc":{"start":{"line":97,"column":45},"end":{"line":102,"column":1}},"line":97},"1":{"name":"(anonymous_1)","decl":{"start":{"line":105,"column":37},"end":{"line":105,"column":38}},"loc":{"start":{"line":105,"column":70},"end":{"line":107,"column":1}},"line":105}},"branchMap":{"0":{"loc":{"start":{"line":98,"column":2},"end":{"line":98,"column":50}},"type":"if","locations":[{"start":{"line":98,"column":2},"end":{"line":98,"column":50}},{"start":{},"end":{}}],"line":98}},"s":{"0":5,"1":5,"2":55,"3":18,"4":37,"5":37,"6":37,"7":5,"8":9,"9":5},"f":{"0":55,"1":9},"b":{"0":[18,37]},"inputSourceMap":null,"_coverageSchema":"1a1c01bbd47fc00a2c39e90264f33305004495a9","hash":"7adba263f92e7152932e54d67fff282e776462bc"}
,"/home/rudraksh/Code/Class/SE/SE_Proj1/proj2/Ecobites/server/src/routes/auth.routes.js": {"path":"/home/rudraksh/Code/Class/SE/SE_Proj1/proj2/Ecobites/server/src/routes/auth.routes.js","statementMap":{"0":{"start":{"line":5,"column":15},"end":{"line":5,"column":23}},"1":{"start":{"line":8,"column":0},"end":{"line":8,"column":35}},"2":{"start":{"line":9,"column":0},"end":{"line":9,"column":29}},"3":{"start":{"line":10,"column":0},"end":{"line":10,"column":31}},"4":{"start":{"line":11,"column":0},"end":{"line":11,"column":31}}},"fnMap":{},"branchMap":{},"s":{"0":5,"1":5,"2":5,"3":5,"4":5},"f":{},"b":{},"inputSourceMap":null,"_coverageSchema":"1a1c01bbd47fc00a2c39e90264f33305004495a9","hash":"a35001c38c72fd6802bc4f4bfa605e36ac928d2a"}
,"/home/rudraksh/Code/Class/SE/SE_Proj1/proj2/Ecobites/server/src/routes/bid.routes.js": {"path":"/home/rudraksh/Code/Class/SE/SE_Proj1/proj2/Ecobites/server/src/routes/bid.routes.js","statementMap":{"0":{"start":{"line":13,"column":15},"end":{"line":13,"column":23}},"1":{"start":{"line":16,"column":0},"end":{"line":16,"column":70}},"2":{"start":{"line":19,"column":0},"end":{"line":19,"column":36}},"3":{"start":{"line":22,"column":0},"end":{"line":22,"column":43}},"4":{"start":{"line":25,"column":0},"end":{"line":25,"column":56}},"5":{"start":{"line":28,"column":0},"end":{"line":28,"column":50}},"6":{"start":{"line":31,"column":0},"end":{"line":31,"column":50}},"7":{"start":{"line":34,"column":0},"end":{"line":34,"column":45}}},"fnMap":{},"branchMap":{},"s":{"0":5,"1":5,"2":5,"3":5,"4":5,"5":5,"6":5,"7":5},"f":{},"b":{},"inputSourceMap":null,"_coverageSchema":"1a1c01bbd47fc00a2c39e90264f33305004495a9","hash":"4eb2523959be3c4ea72ec59b7a662f749b667256"}
,"/home/rudraksh/Code/Class/SE/SE_Proj1/proj2/Ecobites/server/src/routes/index.js": {"path":"/home/rudraksh/Code/Class/SE/SE_Proj1/proj2/Ecobites/server/src/routes/index.js","statementMap":{"0":{"start":{"line":4,"column":15},"end":{"line":4,"column":31}},"1":{"start":{"line":6,"column":0},"end":{"line":6,"column":33}}},"fnMap":{},"branchMap":{},"s":{"0":5,"1":5},"f":{},"b":{},"inputSourceMap":null,"_coverageSchema":"1a1c01bbd47fc00a2c39e90264f33305004495a9","hash":"96fc5354612a2af7bdaeb611973ff79f15a46e94"}
,"/home/rudraksh/Code/Class/SE/SE_Proj1/proj2/Ecobites/server/src/routes/menu.routes.js": {"path":"/home/rudraksh/Code/Class/SE/SE_Proj1/proj2/Ecobites/server/src/routes/menu.routes.js","statementMap":{"0":{"start":{"line":4,"column":15},"end":{"line":4,"column":23}},"1":{"start":{"line":9,"column":0},"end":{"line":9,"column":67}},"2":{"start":{"line":10,"column":0},"end":{"line":10,"column":61}},"3":{"start":{"line":11,"column":0},"end":{"line":11,"column":74}},"4":{"start":{"line":12,"column":0},"end":{"line":12,"column":40}},"5":{"start":{"line":13,"column":0},"end":{"line":13,"column":69}},"6":{"start":{"line":14,"column":0},"end":{"line":14,"column":72}}},"fnMap":{},"branchMap":{},"s":{"0":5,"1":5,"2":5,"3":5,"4":5,"5":5,"6":5},"f":{},"b":{},"inputSourceMap":null,"_coverageSchema":"1a1c01bbd47fc00a2c39e90264f33305004495a9","hash":"090a40a7f7dae2f3452f7d5b9b1bb3a32c4efc31"}
,"/home/rudraksh/Code/Class/SE/SE_Proj1/proj2/Ecobites/server/src/routes/orders.routes.js": {"path":"/home/rudraksh/Code/Class/SE/SE_Proj1/proj2/Ecobites/server/src/routes/orders.routes.js","statementMap":{"0":{"start":{"line":7,"column":15},"end":{"line":7,"column":23}},"1":{"start":{"line":11,"column":0},"end":{"line":11,"column":61}},"2":{"start":{"line":12,"column":0},"end":{"line":12,"column":39}},"3":{"start":{"line":15,"column":0},"end":{"line":15,"column":72}},"4":{"start":{"line":16,"column":0},"end":{"line":16,"column":54}},"5":{"start":{"line":18,"column":0},"end":{"line":18,"column":61}},"6":{"start":{"line":20,"column":0},"end":{"line":20,"column":59}},"7":{"start":{"line":23,"column":0},"end":{"line":23,"column":55}}},"fnMap":{},"branchMap":{},"s":{"0":5,"1":5,"2":5,"3":5,"4":5,"5":5,"6":5,"7":5},"f":{},"b":{},"inputSourceMap":null,"_coverageSchema":"1a1c01bbd47fc00a2c39e90264f33305004495a9","hash":"89b9840d8517051f588f79c9b608b81eea9e1431"}
,"/home/rudraksh/Code/Class/SE/SE_Proj1/proj2/Ecobites/server/src/routes/profile.routes.js": {"path":"/home/rudraksh/Code/Class/SE/SE_Proj1/proj2/Ecobites/server/src/routes/profile.routes.js","statementMap":{"0":{"start":{"line":6,"column":15},"end":{"line":6,"column":23}},"1":{"start":{"line":9,"column":0},"end":{"line":9,"column":46}},"2":{"start":{"line":12,"column":0},"end":{"line":12,"column":48}},"3":{"start":{"line":13,"column":0},"end":{"line":13,"column":56}},"4":{"start":{"line":15,"column":0},"end":{"line":15,"column":67}},"5":{"start":{"line":17,"column":0},"end":{"line":17,"column":78}}},"fnMap":{},"branchMap":{},"s":{"0":5,"1":5,"2":5,"3":5,"4":5,"5":5},"f":{},"b":{},"inputSourceMap":null,"_coverageSchema":"1a1c01bbd47fc00a2c39e90264f33305004495a9","hash":"1a37ffa465480385d165a67fa791a2447b31482a"}
,"/home/rudraksh/Code/Class/SE/SE_Proj1/proj2/Ecobites/server/src/routes/restaurant.routes.js": {"path":"/home/rudraksh/Code/Class/SE/SE_Proj1/proj2/Ecobites/server/src/routes/restaurant.routes.js","statementMap":{"0":{"start":{"line":6,"column":15},"end":{"line":6,"column":23}},"1":{"start":{"line":7,"column":0},"end":{"line":7,"column":35}},"2":{"start":{"line":8,"column":0},"end":{"line":8,"column":38}}},"fnMap":{},"branchMap":{},"s":{"0":5,"1":5,"2":5},"f":{},"b":{},"inputSourceMap":null,"_coverageSchema":"1a1c01bbd47fc00a2c39e90264f33305004495a9","hash":"5faa8bbd6890dfe0005dc80dd52b02cc8a84d0bf"}
,"/home/rudraksh/Code/Class/SE/SE_Proj1/proj2/Ecobites/server/src/routes/review.routes.js": {"path":"/home/rudraksh/Code/Class/SE/SE_Proj1/proj2/Ecobites/server/src/routes/review.routes.js","statementMap":{"0":{"start":{"line":13,"column":15},"end":{"line":13,"column":23}},"1":{"start":{"line":18,"column":0},"end":{"line":18,"column":72}},"2":{"start":{"line":21,"column":0},"end":{"line":21,"column":64}},"3":{"start":{"line":24,"column":0},"end":{"line":24,"column":63}},"4":{"start":{"line":27,"column":0},"end":{"line":27,"column":62}},"5":{"start":{"line":30,"column":0},"end":{"line":30,"column":86}},"6":{"start":{"line":33,"column":0},"end":{"line":33,"column":71}},"7":{"start":{"line":36,"column":0},"end":{"line":36,"column":74}}},"fnMap":{},"branchMap":{},"s":{"0":5,"1":5,"2":5,"3":5,"4":5,"5":5,"6":5,"7":5},"f":{},"b":{},"inputSourceMap":null,"_coverageSchema":"1a1c01bbd47fc00a2c39e90264f33305004495a9","hash":"5601d7e35f960103910881434a80a57995218dd4"}
}
