TN:
SF:src/app.js
FN:24,(anonymous_0)
FN:51,(anonymous_1)
FNF:2
FNH:1
FNDA:65,(anonymous_0)
FNDA:0,(anonymous_1)
DA:14,5
DA:17,5
DA:21,5
DA:23,5
DA:25,65
DA:30,65
DA:32,0
DA:36,5
DA:37,5
DA:38,5
DA:39,5
DA:40,5
DA:41,5
DA:42,5
DA:43,5
DA:45,5
DA:46,5
DA:51,5
DA:52,0
LF:19
LH:17
BRDA:18,0,0,5
BRDA:18,0,1,5
BRDA:25,1,0,65
BRDA:25,1,1,0
BRDA:26,2,0,65
BRDA:26,2,1,0
BRDA:26,2,2,0
BRF:7
BRH:4
end_of_record
TN:
SF:src/setupTests.js
FN:8,(anonymous_0)
FN:14,(anonymous_1)
FN:20,(anonymous_2)
FNF:3
FNH:3
FNDA:5,(anonymous_0)
FNDA:5,(anonymous_1)
FNDA:9,(anonymous_2)
DA:8,5
DA:9,5
DA:10,5
DA:11,5
DA:14,5
DA:15,5
DA:16,5
DA:17,5
DA:20,5
DA:21,9
DA:22,9
DA:23,45
LF:12
LH:12
BRF:0
BRH:0
end_of_record
TN:
SF:src/config/constants.js
FN:61,(anonymous_0)
FN:71,(anonymous_1)
FNF:2
FNH:2
FNDA:1,(anonymous_0)
FNDA:19,(anonymous_1)
DA:2,5
DA:16,5
DA:24,5
DA:32,5
DA:40,5
DA:52,5
DA:61,5
DA:62,1
DA:63,1
DA:64,1
DA:65,0
DA:66,0
DA:67,0
DA:71,5
DA:72,19
DA:73,19
LF:16
LH:13
BRDA:62,0,0,0
BRDA:62,0,1,1
BRDA:64,1,0,1
BRDA:64,1,1,0
BRDA:64,2,0,1
BRDA:64,2,1,0
BRDA:65,3,0,0
BRDA:65,3,1,0
BRDA:65,4,0,0
BRDA:65,4,1,0
BRDA:66,5,0,0
BRDA:66,5,1,0
BRDA:66,6,0,0
BRDA:66,6,1,0
BRDA:72,7,0,0
BRDA:72,7,1,19
BRDA:73,8,0,19
BRDA:73,8,1,1
BRF:18
BRH:6
end_of_record
TN:
SF:src/controller/auth.controller.js
FN:6,(anonymous_0)
FN:94,(anonymous_1)
FN:151,(anonymous_2)
FN:181,(anonymous_3)
FNF:4
FNH:2
FNDA:13,(anonymous_0)
FNDA:9,(anonymous_1)
FNDA:0,(anonymous_2)
FNDA:0,(anonymous_3)
DA:4,5
DA:6,5
DA:7,13
DA:17,13
DA:19,13
DA:20,0
DA:23,13
DA:24,0
DA:27,13
DA:28,13
DA:29,1
DA:32,12
DA:41,12
DA:42,3
DA:43,3
DA:46,12
DA:47,1
DA:48,1
DA:51,12
DA:52,12
DA:55,12
DA:62,12
DA:69,12
DA:89,0
DA:90,0
DA:94,5
DA:95,9
DA:96,9
DA:98,9
DA:99,0
DA:102,9
DA:103,9
DA:104,0
DA:107,9
DA:108,9
DA:109,0
DA:112,9
DA:119,9
DA:126,9
DA:146,0
DA:147,0
DA:151,5
DA:152,0
DA:154,0
DA:155,0
DA:157,0
DA:176,0
DA:177,0
DA:181,5
DA:182,0
DA:184,0
DA:190,0
DA:192,0
DA:193,0
LF:54
LH:34
BRDA:4,0,0,5
BRDA:4,0,1,5
BRDA:19,1,0,0
BRDA:19,1,1,13
BRDA:19,2,0,13
BRDA:19,2,1,13
BRDA:19,2,2,13
BRDA:23,3,0,0
BRDA:23,3,1,13
BRDA:28,4,0,1
BRDA:28,4,1,12
BRDA:37,5,0,12
BRDA:37,5,1,2
BRDA:41,6,0,3
BRDA:41,6,1,9
BRDA:46,7,0,1
BRDA:46,7,1,11
BRDA:77,8,0,12
BRDA:77,8,1,12
BRDA:78,9,0,12
BRDA:78,9,1,0
BRDA:79,10,0,12
BRDA:79,10,1,11
BRDA:80,11,0,12
BRDA:80,11,1,11
BRDA:81,12,0,12
BRDA:81,12,1,11
BRDA:82,13,0,12
BRDA:82,13,1,0
BRDA:83,14,0,12
BRDA:83,14,1,0
BRDA:84,15,0,12
BRDA:84,15,1,12
BRDA:85,16,0,12
BRDA:85,16,1,0
BRDA:98,17,0,0
BRDA:98,17,1,9
BRDA:98,18,0,9
BRDA:98,18,1,9
BRDA:103,19,0,0
BRDA:103,19,1,9
BRDA:108,20,0,0
BRDA:108,20,1,9
BRDA:134,21,0,9
BRDA:134,21,1,9
BRDA:135,22,0,9
BRDA:135,22,1,0
BRDA:136,23,0,9
BRDA:136,23,1,9
BRDA:137,24,0,9
BRDA:137,24,1,9
BRDA:138,25,0,9
BRDA:138,25,1,9
BRDA:139,26,0,9
BRDA:139,26,1,0
BRDA:140,27,0,9
BRDA:140,27,1,0
BRDA:141,28,0,9
BRDA:141,28,1,4
BRDA:142,29,0,9
BRDA:142,29,1,0
BRDA:154,30,0,0
BRDA:154,30,1,0
BRDA:164,31,0,0
BRDA:164,31,1,0
BRDA:165,32,0,0
BRDA:165,32,1,0
BRDA:166,33,0,0
BRDA:166,33,1,0
BRDA:167,34,0,0
BRDA:167,34,1,0
BRDA:168,35,0,0
BRDA:168,35,1,0
BRDA:169,36,0,0
BRDA:169,36,1,0
BRDA:170,37,0,0
BRDA:170,37,1,0
BRDA:171,38,0,0
BRDA:171,38,1,0
BRDA:172,39,0,0
BRDA:172,39,1,0
BRF:81
BRH:48
end_of_record
TN:
SF:src/controller/bid.controller.js
FN:6,(anonymous_0)
FN:18,(anonymous_1)
FN:46,(anonymous_2)
FN:141,(anonymous_3)
FN:180,(anonymous_4)
FN:201,(anonymous_5)
FN:321,(anonymous_6)
FN:368,(anonymous_7)
FNF:8
FNH:0
FNDA:0,(anonymous_0)
FNDA:0,(anonymous_1)
FNDA:0,(anonymous_2)
FNDA:0,(anonymous_3)
FNDA:0,(anonymous_4)
FNDA:0,(anonymous_5)
FNDA:0,(anonymous_6)
FNDA:0,(anonymous_7)
DA:6,5
DA:7,0
DA:8,0
DA:18,0
DA:19,0
DA:20,0
DA:21,0
DA:22,0
DA:24,0
DA:25,0
DA:26,0
DA:28,0
DA:31,0
DA:37,0
DA:38,0
DA:46,5
DA:47,0
DA:48,0
DA:49,0
DA:52,0
DA:53,0
DA:60,0
DA:61,0
DA:62,0
DA:68,0
DA:69,0
DA:75,0
DA:76,0
DA:83,0
DA:84,0
DA:91,0
DA:97,0
DA:98,0
DA:105,0
DA:106,0
DA:113,0
DA:115,0
DA:125,0
DA:127,0
DA:132,0
DA:133,0
DA:141,5
DA:142,0
DA:143,0
DA:145,0
DA:146,0
DA:147,0
DA:154,0
DA:155,0
DA:161,0
DA:165,0
DA:171,0
DA:172,0
DA:180,5
DA:181,0
DA:182,0
DA:186,0
DA:192,0
DA:193,0
DA:201,5
DA:202,0
DA:203,0
DA:206,0
DA:207,0
DA:208,0
DA:214,0
DA:217,0
DA:218,0
DA:225,0
DA:226,0
DA:232,0
DA:233,0
DA:234,0
DA:235,0
DA:242,0
DA:243,0
DA:244,0
DA:251,0
DA:252,0
DA:255,0
DA:256,0
DA:257,0
DA:258,0
DA:259,0
DA:260,0
DA:261,0
DA:276,0
DA:277,0
DA:281,0
DA:285,0
DA:288,0
DA:298,0
DA:299,0
DA:303,0
DA:312,0
DA:313,0
DA:321,5
DA:322,0
DA:323,0
DA:325,0
DA:326,0
DA:327,0
DA:333,0
DA:336,0
DA:337,0
DA:343,0
DA:344,0
DA:350,0
DA:351,0
DA:353,0
DA:359,0
DA:360,0
DA:368,5
DA:369,0
DA:370,0
DA:372,0
DA:373,0
DA:374,0
DA:381,0
DA:382,0
DA:388,0
DA:389,0
DA:395,0
DA:396,0
DA:398,0
DA:404,0
DA:405,0
LF:127
LH:7
BRDA:20,0,0,0
BRDA:20,0,1,0
BRDA:20,1,0,0
BRDA:20,1,1,0
BRDA:21,2,0,0
BRDA:21,2,1,0
BRDA:21,2,2,0
BRDA:24,3,0,0
BRDA:24,3,1,0
BRDA:24,4,0,0
BRDA:24,4,1,0
BRDA:25,5,0,0
BRDA:25,5,1,0
BRDA:52,6,0,0
BRDA:52,6,1,0
BRDA:61,7,0,0
BRDA:61,7,1,0
BRDA:68,8,0,0
BRDA:68,8,1,0
BRDA:75,9,0,0
BRDA:75,9,1,0
BRDA:83,10,0,0
BRDA:83,10,1,0
BRDA:97,11,0,0
BRDA:97,11,1,0
BRDA:105,12,0,0
BRDA:105,12,1,0
BRDA:105,13,0,0
BRDA:105,13,1,0
BRDA:119,14,0,0
BRDA:119,14,1,0
BRDA:146,15,0,0
BRDA:146,15,1,0
BRDA:154,16,0,0
BRDA:154,16,1,0
BRDA:207,17,0,0
BRDA:207,17,1,0
BRDA:217,18,0,0
BRDA:217,18,1,0
BRDA:225,19,0,0
BRDA:225,19,1,0
BRDA:232,20,0,0
BRDA:232,20,1,0
BRDA:243,21,0,0
BRDA:243,21,1,0
BRDA:326,22,0,0
BRDA:326,22,1,0
BRDA:336,23,0,0
BRDA:336,23,1,0
BRDA:343,24,0,0
BRDA:343,24,1,0
BRDA:373,25,0,0
BRDA:373,25,1,0
BRDA:381,26,0,0
BRDA:381,26,1,0
BRDA:388,27,0,0
BRDA:388,27,1,0
BRF:57
BRH:0
end_of_record
TN:
SF:src/controller/healthController.js
FN:1,(anonymous_0)
FNF:1
FNH:0
FNDA:0,(anonymous_0)
DA:1,5
DA:2,0
LF:2
LH:1
BRF:0
BRH:0
end_of_record
TN:
SF:src/controller/menu.controller.js
FN:4,(anonymous_0)
FN:56,(anonymous_1)
FN:74,(anonymous_2)
FN:86,(anonymous_3)
FN:97,(anonymous_4)
FN:134,(anonymous_5)
FNF:6
FNH:2
FNDA:1,(anonymous_0)
FNDA:1,(anonymous_1)
FNDA:0,(anonymous_2)
FNDA:0,(anonymous_3)
FNDA:0,(anonymous_4)
FNDA:0,(anonymous_5)
DA:4,5
DA:5,1
DA:6,1
DA:9,1
DA:10,1
DA:14,1
DA:15,1
DA:16,0
DA:22,1
DA:23,0
DA:29,1
DA:43,1
DA:46,1
DA:48,0
DA:49,0
DA:56,5
DA:57,1
DA:58,1
DA:60,1
DA:64,1
DA:66,0
DA:74,5
DA:75,0
DA:76,0
DA:77,0
DA:79,0
DA:81,0
DA:86,5
DA:87,0
DA:88,0
DA:91,0
DA:93,0
DA:97,5
DA:98,0
DA:99,0
DA:101,0
DA:102,0
DA:103,0
DA:109,0
DA:110,0
DA:116,0
DA:121,0
DA:127,0
DA:134,5
DA:135,0
DA:136,0
DA:138,0
DA:139,0
DA:140,0
DA:146,0
DA:147,0
DA:153,0
DA:155,0
DA:160,0
LF:54
LH:20
BRDA:9,0,0,1
BRDA:9,0,1,0
BRDA:9,1,0,1
BRDA:9,1,1,1
BRDA:9,1,2,1
BRDA:14,2,0,1
BRDA:14,2,1,0
BRDA:15,3,0,0
BRDA:15,3,1,1
BRDA:15,4,0,1
BRDA:15,4,1,1
BRDA:22,5,0,0
BRDA:22,5,1,1
BRDA:22,6,0,1
BRDA:22,6,1,1
BRDA:102,7,0,0
BRDA:102,7,1,0
BRDA:109,8,0,0
BRDA:109,8,1,0
BRDA:109,9,0,0
BRDA:109,9,1,0
BRDA:139,10,0,0
BRDA:139,10,1,0
BRDA:146,11,0,0
BRDA:146,11,1,0
BRDA:146,12,0,0
BRDA:146,12,1,0
BRF:27
BRH:11
end_of_record
TN:
SF:src/controller/orders.controller.js
FN:2,(anonymous_0)
FN:16,(anonymous_1)
FN:23,(anonymous_2)
FN:40,getDistanceMeters
FN:43,(anonymous_4)
FN:52,(anonymous_5)
FN:77,(anonymous_6)
FN:82,(anonymous_7)
FN:113,geocodeAddress
FN:133,(anonymous_9)
FN:151,(anonymous_10)
FN:166,(anonymous_11)
FN:167,(anonymous_12)
FN:177,(anonymous_13)
FN:190,(anonymous_14)
FN:191,(anonymous_15)
FN:205,(anonymous_16)
FN:219,(anonymous_17)
FN:255,(anonymous_18)
FN:288,(anonymous_19)
FN:316,(anonymous_20)
FN:340,(anonymous_21)
FN:394,(anonymous_22)
FN:395,(anonymous_23)
FN:395,(anonymous_24)
FN:446,(anonymous_25)
FN:465,(anonymous_26)
FNF:27
FNH:22
FNDA:13,(anonymous_0)
FNDA:0,(anonymous_1)
FNDA:0,(anonymous_2)
FNDA:13,getDistanceMeters
FNDA:52,(anonymous_4)
FNDA:25,(anonymous_5)
FNDA:17,(anonymous_6)
FNDA:37,(anonymous_7)
FNDA:18,geocodeAddress
FNDA:20,(anonymous_9)
FNDA:19,(anonymous_10)
FNDA:19,(anonymous_11)
FNDA:19,(anonymous_12)
FNDA:19,(anonymous_13)
FNDA:19,(anonymous_14)
FNDA:19,(anonymous_15)
FNDA:18,(anonymous_16)
FNDA:489,(anonymous_17)
FNDA:1,(anonymous_18)
FNDA:1,(anonymous_19)
FNDA:0,(anonymous_20)
FNDA:5,(anonymous_21)
FNDA:1,(anonymous_22)
FNDA:0,(anonymous_23)
FNDA:0,(anonymous_24)
FNDA:1,(anonymous_25)
FNDA:2,(anonymous_26)
DA:2,5
DA:3,13
DA:4,13
DA:7,13
DA:8,13
DA:10,13
DA:11,1
DA:15,12
DA:16,12
DA:17,0
DA:18,0
DA:19,0
DA:21,0
DA:22,0
DA:23,0
DA:24,0
DA:25,0
DA:26,0
DA:28,12
DA:29,0
DA:30,0
DA:34,12
DA:41,13
DA:42,13
DA:43,52
DA:44,13
DA:45,13
DA:46,13
DA:49,13
DA:50,13
DA:52,12
DA:54,25
DA:56,13
DA:57,13
DA:58,0
DA:60,0
DA:62,13
DA:63,13
DA:64,13
DA:67,12
DA:68,4
DA:72,8
DA:73,8
DA:75,8
DA:76,8
DA:77,17
DA:79,8
DA:80,17
DA:81,17
DA:82,37
DA:83,17
DA:84,17
DA:85,17
DA:87,17
DA:88,17
DA:89,17
DA:90,17
DA:95,8
DA:101,0
DA:102,0
DA:114,18
DA:115,18
DA:116,18
DA:117,18
DA:121,0
DA:122,0
DA:123,0
DA:124,0
DA:126,0
DA:128,18
DA:129,18
DA:133,5
DA:134,20
DA:135,20
DA:138,20
DA:139,1
DA:146,19
DA:147,0
DA:151,19
DA:152,19
DA:154,19
DA:155,0
DA:159,19
DA:160,19
DA:161,19
DA:162,0
DA:166,19
DA:167,19
DA:168,19
DA:169,19
DA:177,19
DA:178,19
DA:179,19
DA:180,19
DA:183,19
DA:186,19
DA:190,19
DA:191,19
DA:192,19
DA:193,19
DA:194,0
DA:195,0
DA:197,19
DA:199,19
DA:202,19
DA:203,19
DA:205,18
DA:207,18
DA:213,18
DA:214,0
DA:218,18
DA:219,489
DA:220,18
DA:221,18
DA:222,18
DA:226,19
DA:242,19
DA:245,19
DA:247,0
DA:248,0
DA:255,5
DA:256,1
DA:257,1
DA:259,1
DA:260,0
DA:266,1
DA:268,1
DA:269,1
DA:270,0
DA:271,0
DA:272,0
DA:273,0
DA:276,1
DA:279,1
DA:280,0
DA:285,1
DA:288,1
DA:289,1
DA:290,1
DA:291,1
DA:292,1
DA:293,1
DA:295,1
DA:296,1
DA:297,1
DA:299,1
DA:300,1
DA:302,1
DA:306,1
DA:308,0
DA:309,0
DA:316,5
DA:317,0
DA:318,0
DA:320,0
DA:322,0
DA:323,0
DA:330,0
DA:332,0
DA:333,0
DA:340,5
DA:341,5
DA:342,5
DA:343,5
DA:345,5
DA:346,5
DA:347,0
DA:354,5
DA:355,0
DA:361,5
DA:363,0
DA:369,5
DA:371,0
DA:377,5
DA:378,5
DA:383,5
DA:384,1
DA:387,5
DA:389,5
DA:390,1
DA:391,1
DA:393,1
DA:395,0
DA:399,1
DA:403,5
DA:404,1
DA:405,1
DA:406,1
DA:407,1
DA:408,1
DA:409,1
DA:410,1
DA:414,5
DA:418,5
DA:419,1
DA:424,1
DA:425,1
DA:426,1
DA:427,1
DA:428,1
DA:433,5
DA:435,0
DA:436,0
DA:439,0
DA:446,5
DA:447,1
DA:448,1
DA:449,0
DA:456,1
DA:465,1
DA:466,2
DA:467,2
DA:468,2
DA:469,2
DA:470,2
DA:472,2
DA:473,2
DA:474,2
DA:475,2
DA:476,2
DA:478,2
DA:481,1
DA:483,0
LF:223
LH:169
BRDA:4,0,0,5
BRDA:10,1,0,1
BRDA:10,1,1,12
BRDA:15,2,0,0
BRDA:15,2,1,12
BRDA:17,3,0,0
BRDA:17,3,1,0
BRDA:18,4,0,0
BRDA:18,4,1,0
BRDA:18,5,0,0
BRDA:18,5,1,0
BRDA:18,5,2,0
BRDA:21,6,0,0
BRDA:21,7,0,0
BRDA:21,8,0,0
BRDA:28,9,0,0
BRDA:28,9,1,12
BRDA:41,10,0,0
BRDA:41,10,1,13
BRDA:41,11,0,13
BRDA:41,11,1,13
BRDA:54,12,0,12
BRDA:54,12,1,13
BRDA:56,13,0,0
BRDA:56,13,1,13
BRDA:57,14,0,0
BRDA:57,14,1,13
BRDA:60,15,0,0
BRDA:60,15,1,0
BRDA:63,16,0,13
BRDA:63,16,1,10
BRDA:67,17,0,4
BRDA:67,17,1,8
BRDA:88,18,0,17
BRDA:88,18,1,0
BRDA:89,19,0,17
BRDA:89,19,1,11
BRDA:121,20,0,0
BRDA:121,20,1,0
BRDA:121,21,0,0
BRDA:121,21,1,0
BRDA:138,22,0,1
BRDA:138,22,1,19
BRDA:138,23,0,20
BRDA:138,23,1,20
BRDA:138,24,0,20
BRDA:138,24,1,0
BRDA:146,25,0,0
BRDA:146,25,1,19
BRDA:146,26,0,19
BRDA:146,26,1,19
BRDA:151,27,0,19
BRDA:151,27,1,0
BRDA:151,27,2,0
BRDA:154,28,0,0
BRDA:154,28,1,19
BRDA:161,29,0,0
BRDA:161,29,1,19
BRDA:167,30,0,19
BRDA:167,30,1,0
BRDA:167,30,2,0
BRDA:168,31,0,19
BRDA:168,31,1,0
BRDA:183,32,0,19
BRDA:183,32,1,0
BRDA:183,33,0,19
BRDA:183,33,1,19
BRDA:186,34,0,18
BRDA:186,34,1,1
BRDA:192,35,0,19
BRDA:192,35,1,0
BRDA:193,36,0,0
BRDA:193,36,1,19
BRDA:193,37,0,19
BRDA:193,37,1,19
BRDA:194,38,0,0
BRDA:194,38,1,0
BRDA:203,39,0,18
BRDA:203,39,1,1
BRDA:203,40,0,19
BRDA:203,40,1,18
BRDA:203,40,2,18
BRDA:213,41,0,0
BRDA:213,41,1,18
BRDA:259,42,0,0
BRDA:259,42,1,1
BRDA:259,43,0,1
BRDA:259,43,1,0
BRDA:268,44,0,1
BRDA:268,44,1,0
BRDA:270,45,0,0
BRDA:270,45,1,0
BRDA:272,46,0,0
BRDA:272,46,1,0
BRDA:279,47,0,0
BRDA:279,47,1,1
BRDA:289,48,0,1
BRDA:289,48,1,0
BRDA:290,49,0,1
BRDA:290,49,1,0
BRDA:290,50,0,1
BRDA:290,50,1,1
BRDA:291,51,0,1
BRDA:291,51,1,1
BRDA:291,51,2,1
BRDA:292,52,0,1
BRDA:292,52,1,1
BRDA:293,53,0,1
BRDA:293,53,1,0
BRDA:295,54,0,1
BRDA:295,54,1,0
BRDA:295,55,0,1
BRDA:295,55,1,1
BRDA:296,56,0,1
BRDA:296,56,1,1
BRDA:297,57,0,1
BRDA:297,57,1,1
BRDA:299,58,0,0
BRDA:299,58,1,1
BRDA:299,59,0,1
BRDA:299,59,1,1
BRDA:300,60,0,1
BRDA:300,60,1,0
BRDA:322,61,0,0
BRDA:322,61,1,0
BRDA:346,62,0,0
BRDA:346,62,1,5
BRDA:354,63,0,0
BRDA:354,63,1,5
BRDA:354,64,0,5
BRDA:354,64,1,0
BRDA:361,65,0,0
BRDA:361,65,1,5
BRDA:361,66,0,5
BRDA:361,66,1,2
BRDA:369,67,0,0
BRDA:369,67,1,5
BRDA:369,68,0,5
BRDA:369,68,1,2
BRDA:383,69,0,1
BRDA:383,69,1,4
BRDA:383,70,0,5
BRDA:383,70,1,1
BRDA:389,71,0,1
BRDA:389,71,1,4
BRDA:389,72,0,5
BRDA:389,72,1,1
BRDA:389,72,2,1
BRDA:403,73,0,1
BRDA:403,73,1,4
BRDA:403,74,0,5
BRDA:403,74,1,1
BRDA:403,74,2,1
BRDA:405,75,0,1
BRDA:405,75,1,0
BRDA:407,76,0,1
BRDA:407,76,1,0
BRDA:418,77,0,1
BRDA:418,77,1,4
BRDA:418,78,0,5
BRDA:418,78,1,1
BRDA:418,78,2,1
BRDA:448,79,0,0
BRDA:448,79,1,1
BRDA:466,80,0,2
BRDA:466,80,1,0
BRDA:467,81,0,2
BRDA:467,81,1,0
BRDA:467,82,0,2
BRDA:467,82,1,2
BRDA:468,83,0,2
BRDA:468,83,1,0
BRDA:468,83,2,0
BRDA:469,84,0,2
BRDA:469,84,1,2
BRDA:470,85,0,2
BRDA:470,85,1,0
BRDA:472,86,0,2
BRDA:472,86,1,0
BRDA:472,87,0,2
BRDA:472,87,1,2
BRDA:473,88,0,2
BRDA:473,88,1,0
BRDA:474,89,0,2
BRDA:474,89,1,2
BRDA:475,90,0,0
BRDA:475,90,1,2
BRDA:475,91,0,2
BRDA:475,91,1,0
BRDA:476,92,0,2
BRDA:476,92,1,0
BRF:191
BRH:120
end_of_record
TN:
SF:src/controller/profile.controller.js
FN:6,geocodeAddress
FN:20,(anonymous_1)
FN:34,(anonymous_2)
FN:56,(anonymous_3)
FN:114,(anonymous_4)
FN:134,(anonymous_5)
FNF:6
FNH:1
FNDA:0,geocodeAddress
FNDA:0,(anonymous_1)
FNDA:0,(anonymous_2)
FNDA:1,(anonymous_3)
FNDA:0,(anonymous_4)
FNDA:0,(anonymous_5)
DA:7,0
DA:8,0
DA:9,0
DA:12,0
DA:13,0
DA:14,0
DA:16,0
DA:20,5
DA:21,0
DA:22,0
DA:23,0
DA:24,0
DA:27,0
DA:28,0
DA:30,0
DA:34,5
DA:35,0
DA:36,0
DA:37,0
DA:38,0
DA:39,0
DA:42,0
DA:44,0
DA:49,0
DA:50,0
DA:52,0
DA:56,5
DA:57,1
DA:58,1
DA:59,1
DA:61,1
DA:62,0
DA:65,1
DA:66,1
DA:67,0
DA:71,1
DA:81,1
DA:82,1
DA:83,0
DA:84,0
DA:86,0
DA:90,1
DA:91,0
DA:92,0
DA:93,0
DA:95,0
DA:99,1
DA:101,1
DA:110,0
DA:114,5
DA:115,0
DA:116,0
DA:117,0
DA:118,0
DA:120,0
DA:121,0
DA:122,0
DA:125,0
DA:126,0
DA:128,0
DA:130,0
DA:134,5
DA:135,0
DA:136,0
DA:137,0
DA:138,0
DA:140,0
DA:141,0
DA:144,0
DA:150,0
DA:151,0
DA:154,0
DA:156,0
LF:73
LH:17
BRDA:12,0,0,0
BRDA:12,0,1,0
BRDA:12,1,0,0
BRDA:12,1,1,0
BRDA:23,2,0,0
BRDA:23,2,1,0
BRDA:23,3,0,0
BRDA:23,3,1,0
BRDA:23,3,2,0
BRDA:38,4,0,0
BRDA:38,4,1,0
BRDA:38,5,0,0
BRDA:38,5,1,0
BRDA:38,5,2,0
BRDA:49,6,0,0
BRDA:49,6,1,0
BRDA:61,7,0,0
BRDA:61,7,1,1
BRDA:66,8,0,0
BRDA:66,8,1,1
BRDA:82,9,0,0
BRDA:82,9,1,1
BRDA:90,10,0,0
BRDA:90,10,1,1
BRDA:92,11,0,0
BRDA:92,11,1,0
BRDA:92,12,0,0
BRDA:92,12,1,0
BRDA:118,13,0,0
BRDA:118,13,1,0
BRDA:121,14,0,0
BRDA:121,14,1,0
BRDA:121,15,0,0
BRDA:121,15,1,0
BRDA:140,16,0,0
BRDA:140,16,1,0
BRDA:140,17,0,0
BRDA:140,17,1,0
BRDA:150,18,0,0
BRDA:150,18,1,0
BRF:40
BRH:4
end_of_record
TN:
SF:src/controller/restaurant.controller.js
FN:2,(anonymous_0)
FN:21,(anonymous_1)
FNF:2
FNH:0
FNDA:0,(anonymous_0)
FNDA:0,(anonymous_1)
DA:2,5
DA:3,0
DA:4,0
DA:8,0
DA:14,0
DA:21,5
DA:22,0
DA:23,0
DA:25,0
DA:28,0
DA:29,0
DA:36,0
DA:37,0
DA:42,0
DA:44,0
DA:50,0
LF:16
LH:2
BRDA:28,0,0,0
BRDA:28,0,1,0
BRDA:42,1,0,0
BRDA:42,1,1,0
BRF:4
BRH:0
end_of_record
TN:
SF:src/controller/review.controller.js
FN:5,(anonymous_0)
FN:92,(anonymous_1)
FN:145,(anonymous_2)
FN:201,(anonymous_3)
FN:242,(anonymous_4)
FN:286,(anonymous_5)
FN:302,(anonymous_6)
FN:325,(anonymous_7)
FNF:8
FNH:0
FNDA:0,(anonymous_0)
FNDA:0,(anonymous_1)
FNDA:0,(anonymous_2)
FNDA:0,(anonymous_3)
FNDA:0,(anonymous_4)
FNDA:0,(anonymous_5)
FNDA:0,(anonymous_6)
FNDA:0,(anonymous_7)
DA:5,5
DA:6,0
DA:7,0
DA:8,0
DA:11,0
DA:12,0
DA:18,0
DA:19,0
DA:26,0
DA:27,0
DA:34,0
DA:35,0
DA:43,0
DA:48,0
DA:49,0
DA:56,0
DA:66,0
DA:69,0
DA:72,0
DA:75,0
DA:84,0
DA:85,0
DA:92,5
DA:93,0
DA:94,0
DA:102,0
DA:105,0
DA:106,0
DA:107,0
DA:109,0
DA:116,0
DA:119,0
DA:121,0
DA:137,0
DA:138,0
DA:145,5
DA:146,0
DA:147,0
DA:148,0
DA:149,0
DA:151,0
DA:153,0
DA:154,0
DA:160,0
DA:161,0
DA:162,0
DA:167,0
DA:170,0
DA:171,0
DA:173,0
DA:176,0
DA:178,0
DA:181,0
DA:184,0
DA:193,0
DA:194,0
DA:201,5
DA:202,0
DA:203,0
DA:204,0
DA:206,0
DA:208,0
DA:209,0
DA:215,0
DA:216,0
DA:219,0
DA:221,0
DA:223,0
DA:234,0
DA:235,0
DA:242,5
DA:243,0
DA:244,0
DA:245,0
DA:246,0
DA:249,0
DA:250,0
DA:256,0
DA:258,0
DA:259,0
DA:265,0
DA:270,0
DA:273,0
DA:276,0
DA:278,0
DA:279,0
DA:286,5
DA:287,0
DA:288,0
DA:289,0
DA:291,0
DA:293,0
DA:294,0
DA:301,0
DA:302,0
DA:305,0
DA:306,0
DA:308,0
DA:311,0
DA:317,0
DA:318,0
DA:325,5
DA:326,0
DA:327,0
DA:328,0
DA:330,0
DA:337,0
DA:339,0
DA:349,0
DA:350,0
LF:110
LH:7
BRDA:11,0,0,0
BRDA:11,0,1,0
BRDA:11,1,0,0
BRDA:11,1,1,0
BRDA:11,1,2,0
BRDA:18,2,0,0
BRDA:18,2,1,0
BRDA:26,3,0,0
BRDA:26,3,1,0
BRDA:34,4,0,0
BRDA:34,4,1,0
BRDA:48,5,0,0
BRDA:48,5,1,0
BRDA:78,6,0,0
BRDA:78,6,1,0
BRDA:79,7,0,0
BRDA:79,7,1,0
BRDA:80,8,0,0
BRDA:80,8,1,0
BRDA:81,9,0,0
BRDA:81,9,1,0
BRDA:96,10,0,0
BRDA:97,11,0,0
BRDA:98,12,0,0
BRDA:99,13,0,0
BRDA:106,14,0,0
BRDA:106,14,1,0
BRDA:107,15,0,0
BRDA:107,15,1,0
BRDA:112,16,0,0
BRDA:112,16,1,0
BRDA:130,17,0,0
BRDA:130,17,1,0
BRDA:131,18,0,0
BRDA:131,18,1,0
BRDA:132,19,0,0
BRDA:132,19,1,0
BRDA:133,20,0,0
BRDA:133,20,1,0
BRDA:153,21,0,0
BRDA:153,21,1,0
BRDA:160,22,0,0
BRDA:160,22,1,0
BRDA:161,23,0,0
BRDA:161,23,1,0
BRDA:161,24,0,0
BRDA:161,24,1,0
BRDA:170,25,0,0
BRDA:170,25,1,0
BRDA:171,26,0,0
BRDA:171,26,1,0
BRDA:187,27,0,0
BRDA:187,27,1,0
BRDA:188,28,0,0
BRDA:188,28,1,0
BRDA:189,29,0,0
BRDA:189,29,1,0
BRDA:190,30,0,0
BRDA:190,30,1,0
BRDA:208,31,0,0
BRDA:208,31,1,0
BRDA:227,32,0,0
BRDA:227,32,1,0
BRDA:228,33,0,0
BRDA:228,33,1,0
BRDA:229,34,0,0
BRDA:229,34,1,0
BRDA:230,35,0,0
BRDA:230,35,1,0
BRDA:249,36,0,0
BRDA:249,36,1,0
BRDA:258,37,0,0
BRDA:258,37,1,0
BRDA:293,38,0,0
BRDA:293,38,1,0
BRDA:305,39,0,0
BRDA:305,39,1,0
BRDA:328,40,0,0
BRDA:328,41,0,0
BRF:79
BRH:0
end_of_record
TN:
SF:src/middleware/auth.middleware.js
FN:5,(anonymous_0)
FN:13,(anonymous_1)
FN:24,(anonymous_2)
FN:25,(anonymous_3)
FN:41,(anonymous_4)
FN:80,(anonymous_5)
FN:81,(anonymous_6)
FNF:7
FNH:3
FNDA:0,(anonymous_0)
FNDA:0,(anonymous_1)
FNDA:0,(anonymous_2)
FNDA:0,(anonymous_3)
FNDA:42,(anonymous_4)
FNDA:40,(anonymous_5)
FNDA:1,(anonymous_6)
DA:3,5
DA:5,5
DA:6,0
DA:7,0
DA:9,0
DA:10,0
DA:13,0
DA:14,0
DA:15,0
DA:18,0
DA:19,0
DA:24,5
DA:25,0
DA:27,0
DA:28,0
DA:36,0
DA:41,5
DA:42,42
DA:46,42
DA:47,41
DA:50,1
DA:51,0
DA:54,42
DA:55,1
DA:61,41
DA:62,41
DA:64,41
DA:65,0
DA:71,41
DA:73,0
DA:80,5
DA:81,40
DA:82,1
DA:83,0
DA:88,1
LF:35
LH:18
BRDA:3,0,0,5
BRDA:3,0,1,5
BRDA:7,1,0,0
BRDA:7,1,1,0
BRDA:9,2,0,0
BRDA:9,2,1,0
BRDA:14,3,0,0
BRDA:14,3,1,0
BRDA:27,4,0,0
BRDA:27,4,1,0
BRDA:46,5,0,41
BRDA:46,5,1,1
BRDA:46,6,0,42
BRDA:46,6,1,42
BRDA:50,7,0,0
BRDA:50,7,1,1
BRDA:50,8,0,1
BRDA:50,8,1,0
BRDA:54,9,0,1
BRDA:54,9,1,41
BRDA:64,10,0,0
BRDA:64,10,1,41
BRDA:82,11,0,0
BRDA:82,11,1,1
BRF:24
BRH:12
end_of_record
TN:
SF:src/models/Bid.model.js
FNF:0
FNH:0
DA:3,5
DA:53,5
DA:54,5
DA:55,5
DA:57,5
LF:5
LH:5
BRF:0
BRH:0
end_of_record
TN:
SF:src/models/MenuItem.model.js
FNF:0
FNH:0
DA:2,5
DA:60,5
LF:2
LH:2
BRF:0
BRH:0
end_of_record
TN:
SF:src/models/Order.model.js
FN:158,(anonymous_0)
FNF:1
FNH:1
FNDA:64,(anonymous_0)
DA:3,5
DA:158,5
DA:159,64
DA:160,41
DA:161,41
DA:163,64
DA:166,5
LF:7
LH:7
BRDA:159,0,0,41
BRDA:159,0,1,23
BRDA:159,1,0,64
BRDA:159,1,1,41
BRF:4
BRH:4
end_of_record
TN:
SF:src/models/Review.model.js
FN:106,(anonymous_0)
FN:124,(anonymous_1)
FN:192,(anonymous_2)
FN:202,(anonymous_3)
FNF:4
FNH:0
FNDA:0,(anonymous_0)
FNDA:0,(anonymous_1)
FNDA:0,(anonymous_2)
FNDA:0,(anonymous_3)
DA:3,5
DA:100,5
DA:103,5
DA:106,5
DA:107,0
DA:108,0
DA:109,0
DA:116,0
DA:117,0
DA:120,0
DA:124,5
DA:125,0
DA:157,0
DA:158,0
DA:159,0
DA:178,0
DA:179,0
DA:188,0
DA:192,5
DA:193,0
DA:194,0
DA:195,0
DA:196,0
DA:198,0
DA:202,5
DA:203,0
DA:204,0
DA:205,0
DA:206,0
DA:207,0
DA:209,0
DA:212,5
LF:32
LH:8
BRDA:107,0,0,0
BRDA:107,0,1,0
BRDA:107,1,0,0
BRDA:107,1,1,0
BRDA:116,2,0,0
BRDA:116,2,1,0
BRDA:157,3,0,0
BRDA:157,3,1,0
BRDA:170,4,0,0
BRDA:170,4,1,0
BRDA:171,5,0,0
BRDA:171,5,1,0
BRDA:172,6,0,0
BRDA:172,6,1,0
BRDA:173,7,0,0
BRDA:173,7,1,0
BRDA:188,8,0,0
BRDA:188,8,1,0
BRDA:193,9,0,0
BRDA:193,9,1,0
BRDA:204,10,0,0
BRDA:204,10,1,0
BRF:22
BRH:0
end_of_record
TN:
SF:src/models/User.model.js
FN:97,(anonymous_0)
FN:105,(anonymous_1)
FNF:2
FNH:2
FNDA:55,(anonymous_0)
FNDA:9,(anonymous_1)
DA:4,5
DA:97,5
DA:98,55
DA:99,37
DA:100,37
DA:101,37
DA:105,5
DA:106,9
DA:109,5
LF:9
LH:9
BRDA:98,0,0,18
BRDA:98,0,1,37
BRF:2
BRH:2
end_of_record
TN:
SF:src/routes/auth.routes.js
FNF:0
FNH:0
DA:5,5
DA:8,5
DA:9,5
DA:10,5
DA:11,5
LF:5
LH:5
BRF:0
BRH:0
end_of_record
TN:
SF:src/routes/bid.routes.js
FNF:0
FNH:0
DA:13,5
DA:16,5
DA:19,5
DA:22,5
DA:25,5
DA:28,5
DA:31,5
DA:34,5
LF:8
LH:8
BRF:0
BRH:0
end_of_record
TN:
SF:src/routes/index.js
FNF:0
FNH:0
DA:4,5
DA:6,5
LF:2
LH:2
BRF:0
BRH:0
end_of_record
TN:
SF:src/routes/menu.routes.js
FNF:0
FNH:0
DA:4,5
DA:9,5
DA:10,5
DA:11,5
DA:12,5
DA:13,5
DA:14,5
LF:7
LH:7
BRF:0
BRH:0
end_of_record
TN:
SF:src/routes/orders.routes.js
FNF:0
FNH:0
DA:7,5
DA:11,5
DA:12,5
DA:15,5
DA:16,5
DA:18,5
DA:20,5
DA:23,5
LF:8
LH:8
BRF:0
BRH:0
end_of_record
TN:
SF:src/routes/profile.routes.js
FNF:0
FNH:0
DA:6,5
DA:9,5
DA:12,5
DA:13,5
DA:15,5
DA:17,5
LF:6
LH:6
BRF:0
BRH:0
end_of_record
TN:
SF:src/routes/restaurant.routes.js
FNF:0
FNH:0
DA:6,5
DA:7,5
DA:8,5
LF:3
LH:3
BRF:0
BRH:0
end_of_record
TN:
SF:src/routes/review.routes.js
FNF:0
FNH:0
DA:13,5
DA:18,5
DA:21,5
DA:24,5
DA:27,5
DA:30,5
DA:33,5
DA:36,5
LF:8
LH:8
BRF:0
BRH:0
end_of_record
